2022-10-22 10:24:20,903 [INFO] Activator:177 - 


2022-10-22 10:24:20,903 [INFO] Activator:178 - !SESSION log4j initialized
2022-10-22 10:26:54,174 [INFO] McuFinderGlobals:39 - Set McuFinder mode to 2 (CubeIDE integrated)
2022-10-22 10:26:55,680 [INFO] ApplicationProperties:181 - Using Application install path: D:\STM32\STM32CubeIDE_1.7.0\STM32CubeIDE\plugins\com.st.stm32cube.common.mx_6.3.0.202107141111
2022-10-22 10:26:55,695 [INFO] DbMcusXml:74 - Set database path to: D:\STM32\STM32CubeIDE_1.7.0\STM32CubeIDE\plugins\com.st.stm32cube.common.mx_6.3.0.202107141111\\db\/mcu/
2022-10-22 10:26:55,695 [INFO] DbBoardsPdsc:56 - Set plugin database path to: D:\STM32\STM32CubeIDE_1.7.0\STM32CubeIDE\plugins\com.st.stm32cube.common.mx_6.3.0.202107141111\\db\/plugins/boardmanager/
2022-10-22 10:26:55,695 [INFO] DbMcus:258 - Set plugin images path to: D:\STM32\STM32CubeIDE_1.7.0\STM32CubeIDE\plugins\com.st.stm32cube.common.mx_6.3.0.202107141111\\db\/plugins/mcufinder/images/
2022-10-22 10:26:55,695 [INFO] DbBoards:264 - Set plugin images path to: D:\STM32\STM32CubeIDE_1.7.0\STM32CubeIDE\plugins\com.st.stm32cube.common.mx_6.3.0.202107141111\\db\/plugins/mcufinder/images/
2022-10-22 10:26:55,695 [INFO] DbExamples:333 - Set plugin images path to: D:\STM32\STM32CubeIDE_1.7.0\STM32CubeIDE\plugins\com.st.stm32cube.common.mx_6.3.0.202107141111\\db\/plugins/mcufinder/images/
2022-10-22 10:26:55,711 [INFO] DbMcusAds:119 - Set database path to: C:\Users\Luong\.stmcufinder\plugins\mcufinder//mcu/
2022-10-22 10:26:55,711 [INFO] DbMcusDocs:110 - Set database path to: C:\Users\Luong\.stmcufinder\plugins\mcufinder//mcu/
2022-10-22 10:26:55,711 [INFO] DbMcusJson:64 - Set database path to: C:\Users\Luong\.stmcufinder\plugins\mcufinder//mcu/
2022-10-22 10:26:55,711 [INFO] DbBoardsDocs:110 - Set database path to: C:\Users\Luong\.stmcufinder\plugins\mcufinder//mcu/
2022-10-22 10:26:55,711 [INFO] DbBoardsJson:57 - Set database path to: C:\Users\Luong\.stmcufinder\plugins\mcufinder//mcu/
2022-10-22 10:26:56,336 [INFO] CrossReferenceDbSqlite:196 - Set database path to: C:\Users\Luong\.stmcufinder\plugins\mcufinder//mcu/cs/
2022-10-22 10:26:56,336 [INFO] DbExamplesSqlite:767 - Set database path to: C:\Users\Luong\.stmcufinder\plugins\mcufinder//mcu/
2022-10-22 10:26:56,461 [INFO] RulesReader:57 - Compatibility file has been processed (242 Rules)
2022-10-22 10:26:56,554 [INFO] DbMcusXml:74 - Set database path to: D:\STM32\STM32CubeIDE_1.7.0\STM32CubeIDE\plugins\com.st.stm32cube.common.mx_6.3.0.202107141111\\db\/mcu/
2022-10-22 10:26:56,554 [INFO] DbBoardsPdsc:56 - Set plugin database path to: D:\STM32\STM32CubeIDE_1.7.0\STM32CubeIDE\plugins\com.st.stm32cube.common.mx_6.3.0.202107141111\\db\/plugins/boardmanager/
2022-10-22 10:26:56,554 [INFO] DbMcus:258 - Set plugin images path to: D:\STM32\STM32CubeIDE_1.7.0\STM32CubeIDE\plugins\com.st.stm32cube.common.mx_6.3.0.202107141111\\db\/plugins/mcufinder/images/
2022-10-22 10:26:56,554 [INFO] DbBoards:264 - Set plugin images path to: D:\STM32\STM32CubeIDE_1.7.0\STM32CubeIDE\plugins\com.st.stm32cube.common.mx_6.3.0.202107141111\\db\/plugins/mcufinder/images/
2022-10-22 10:26:56,554 [INFO] DbExamples:333 - Set plugin images path to: D:\STM32\STM32CubeIDE_1.7.0\STM32CubeIDE\plugins\com.st.stm32cube.common.mx_6.3.0.202107141111\\db\/plugins/mcufinder/images/
2022-10-22 10:26:56,554 [WARN] DbFile:35 - Overriding database path with different value: C:\Users\Luong\.stmcufinder\plugins\mcufinder/ => C:\Users\Luong\.stmcufinder\plugins\mcufinder
2022-10-22 10:26:56,554 [INFO] DbMcusAds:119 - Set database path to: C:\Users\Luong\.stmcufinder\plugins\mcufinder//mcu/
2022-10-22 10:26:56,554 [WARN] DbFile:35 - Overriding database path with different value: C:\Users\Luong\.stmcufinder\plugins\mcufinder/ => C:\Users\Luong\.stmcufinder\plugins\mcufinder
2022-10-22 10:26:56,554 [INFO] DbMcusDocs:110 - Set database path to: C:\Users\Luong\.stmcufinder\plugins\mcufinder//mcu/
2022-10-22 10:26:56,554 [WARN] DbFile:35 - Overriding database path with different value: C:\Users\Luong\.stmcufinder\plugins\mcufinder/ => C:\Users\Luong\.stmcufinder\plugins\mcufinder
2022-10-22 10:26:56,554 [INFO] DbMcusJson:64 - Set database path to: C:\Users\Luong\.stmcufinder\plugins\mcufinder//mcu/
2022-10-22 10:26:56,554 [WARN] DbFile:35 - Overriding database path with different value: C:\Users\Luong\.stmcufinder\plugins\mcufinder/ => C:\Users\Luong\.stmcufinder\plugins\mcufinder
2022-10-22 10:26:56,554 [INFO] DbBoardsDocs:110 - Set database path to: C:\Users\Luong\.stmcufinder\plugins\mcufinder//mcu/
2022-10-22 10:26:56,554 [WARN] DbFile:35 - Overriding database path with different value: C:\Users\Luong\.stmcufinder\plugins\mcufinder/ => C:\Users\Luong\.stmcufinder\plugins\mcufinder
2022-10-22 10:26:56,554 [INFO] DbBoardsJson:57 - Set database path to: C:\Users\Luong\.stmcufinder\plugins\mcufinder//mcu/
2022-10-22 10:26:56,554 [WARN] DbFile:35 - Overriding database path with different value: C:\Users\Luong\.stmcufinder\plugins\mcufinder/ => C:\Users\Luong\.stmcufinder\plugins\mcufinder
2022-10-22 10:26:56,554 [WARN] DbFile:35 - Overriding database path with different value: C:\Users\Luong\.stmcufinder\plugins\mcufinder/ => C:\Users\Luong\.stmcufinder\plugins\mcufinder
2022-10-22 10:26:57,336 [INFO] CrossReferenceDbSqlite:196 - Set database path to: C:\Users\Luong\.stmcufinder\plugins\mcufinder//mcu/cs/
2022-10-22 10:26:57,336 [WARN] DbFile:35 - Overriding database path with different value: C:\Users\Luong\.stmcufinder\plugins\mcufinder/ => C:\Users\Luong\.stmcufinder\plugins\mcufinder
2022-10-22 10:26:57,336 [INFO] DbExamplesSqlite:767 - Set database path to: C:\Users\Luong\.stmcufinder\plugins\mcufinder//mcu/
2022-10-22 10:26:57,429 [INFO] MainPanel:214 - HeapMemory: 578813952
2022-10-22 10:26:57,507 [INFO] DbMcusXml:74 - Set database path to: D:\STM32\STM32CubeIDE_1.7.0\STM32CubeIDE\plugins\com.st.stm32cube.common.mx_6.3.0.202107141111\\db\/mcu/
2022-10-22 10:26:57,507 [INFO] DbBoardsPdsc:56 - Set plugin database path to: D:\STM32\STM32CubeIDE_1.7.0\STM32CubeIDE\plugins\com.st.stm32cube.common.mx_6.3.0.202107141111\\db\/plugins/boardmanager/
2022-10-22 10:26:57,507 [INFO] DbMcus:258 - Set plugin images path to: D:\STM32\STM32CubeIDE_1.7.0\STM32CubeIDE\plugins\com.st.stm32cube.common.mx_6.3.0.202107141111\\db\/plugins/mcufinder/images/
2022-10-22 10:26:57,507 [INFO] DbBoards:264 - Set plugin images path to: D:\STM32\STM32CubeIDE_1.7.0\STM32CubeIDE\plugins\com.st.stm32cube.common.mx_6.3.0.202107141111\\db\/plugins/mcufinder/images/
2022-10-22 10:26:57,507 [INFO] DbExamples:333 - Set plugin images path to: D:\STM32\STM32CubeIDE_1.7.0\STM32CubeIDE\plugins\com.st.stm32cube.common.mx_6.3.0.202107141111\\db\/plugins/mcufinder/images/
2022-10-22 10:26:57,507 [WARN] DbFile:35 - Overriding database path with different value: C:\Users\Luong\.stmcufinder\plugins\mcufinder/ => C:\Users\Luong\.stmcufinder\plugins\mcufinder
2022-10-22 10:26:57,507 [INFO] DbMcusAds:119 - Set database path to: C:\Users\Luong\.stmcufinder\plugins\mcufinder//mcu/
2022-10-22 10:26:57,507 [WARN] DbFile:35 - Overriding database path with different value: C:\Users\Luong\.stmcufinder\plugins\mcufinder/ => C:\Users\Luong\.stmcufinder\plugins\mcufinder
2022-10-22 10:26:57,507 [INFO] DbMcusDocs:110 - Set database path to: C:\Users\Luong\.stmcufinder\plugins\mcufinder//mcu/
2022-10-22 10:26:57,507 [WARN] DbFile:35 - Overriding database path with different value: C:\Users\Luong\.stmcufinder\plugins\mcufinder/ => C:\Users\Luong\.stmcufinder\plugins\mcufinder
2022-10-22 10:26:57,507 [INFO] DbMcusJson:64 - Set database path to: C:\Users\Luong\.stmcufinder\plugins\mcufinder//mcu/
2022-10-22 10:26:57,507 [WARN] DbFile:35 - Overriding database path with different value: C:\Users\Luong\.stmcufinder\plugins\mcufinder/ => C:\Users\Luong\.stmcufinder\plugins\mcufinder
2022-10-22 10:26:57,507 [INFO] DbBoardsDocs:110 - Set database path to: C:\Users\Luong\.stmcufinder\plugins\mcufinder//mcu/
2022-10-22 10:26:57,507 [WARN] DbFile:35 - Overriding database path with different value: C:\Users\Luong\.stmcufinder\plugins\mcufinder/ => C:\Users\Luong\.stmcufinder\plugins\mcufinder
2022-10-22 10:26:57,507 [INFO] DbBoardsJson:57 - Set database path to: C:\Users\Luong\.stmcufinder\plugins\mcufinder//mcu/
2022-10-22 10:26:57,507 [WARN] DbFile:35 - Overriding database path with different value: C:\Users\Luong\.stmcufinder\plugins\mcufinder/ => C:\Users\Luong\.stmcufinder\plugins\mcufinder
2022-10-22 10:26:57,507 [WARN] DbFile:35 - Overriding database path with different value: C:\Users\Luong\.stmcufinder\plugins\mcufinder/ => C:\Users\Luong\.stmcufinder\plugins\mcufinder
2022-10-22 10:26:58,339 [INFO] CrossReferenceDbSqlite:196 - Set database path to: C:\Users\Luong\.stmcufinder\plugins\mcufinder//mcu/cs/
2022-10-22 10:26:58,339 [WARN] DbFile:35 - Overriding database path with different value: C:\Users\Luong\.stmcufinder\plugins\mcufinder/ => C:\Users\Luong\.stmcufinder\plugins\mcufinder
2022-10-22 10:26:58,339 [INFO] DbExamplesSqlite:767 - Set database path to: C:\Users\Luong\.stmcufinder\plugins\mcufinder//mcu/
2022-10-22 10:26:58,385 [INFO] ApplicationProperties:181 - Using Application install path: D:\STM32\STM32CubeIDE_1.7.0\STM32CubeIDE\plugins\com.st.stm32cube.common.mx_6.3.0.202107141111
2022-10-22 10:26:58,385 [INFO] PluginManage:188 - Search for loadable plugins [exclusion list=, ]
2022-10-22 10:26:58,385 [INFO] PluginManage:302 - Check plugin analytics
2022-10-22 10:26:59,448 [INFO] AnalyticsPlugin:257 - Accepted Software Licenses: 
2022-10-22 10:26:59,448 [INFO] AnalyticsPlugin:259 - Accepted CMSIS Pack Licenses: 
2022-10-22 10:26:59,448 [INFO] AnalyticsPlugin:261 - Accepted Firmware Licenses: 
2022-10-22 10:26:59,448 [INFO] PluginManage:352 - Loaded plugin analytics (category:tool,tabindex:-1)
2022-10-22 10:26:59,448 [INFO] PluginManage:302 - Check plugin clock
2022-10-22 10:26:59,463 [INFO] PluginManage:352 - Loaded plugin clock (category:base,tabindex:2)
2022-10-22 10:26:59,463 [INFO] PluginManage:302 - Check plugin ddr
2022-10-22 10:26:59,463 [INFO] PluginManage:352 - Loaded plugin ddr (category:tool,tabindex:6)
2022-10-22 10:26:59,463 [INFO] PluginManage:302 - Check plugin filemanager
2022-10-22 10:26:59,588 [INFO] PluginManage:352 - Loaded plugin filemanager (category:base,tabindex:10)
2022-10-22 10:26:59,588 [INFO] PluginManage:302 - Check plugin ipmanager
2022-10-22 10:26:59,604 [INFO] PluginManage:352 - Loaded plugin ipmanager (category:base,tabindex:5)
2022-10-22 10:26:59,604 [INFO] PluginManage:302 - Check plugin pinoutandconfiguration
2022-10-22 10:26:59,620 [INFO] PluginManage:352 - Loaded plugin pinoutandconfiguration (category:base,tabindex:1)
2022-10-22 10:26:59,620 [INFO] PluginManage:302 - Check plugin pinoutconfig
2022-10-22 10:26:59,635 [INFO] PluginManage:352 - Loaded plugin pinoutconfig (category:base,tabindex:0)
2022-10-22 10:26:59,651 [INFO] PluginManage:302 - Check plugin power
2022-10-22 10:26:59,651 [INFO] PluginManage:352 - Loaded plugin power (category:power,tabindex:4)
2022-10-22 10:26:59,651 [INFO] PluginManage:302 - Check plugin projectmanager
2022-10-22 10:26:59,666 [INFO] PluginManage:352 - Loaded plugin projectmanager (category:projectmanager,tabindex:3)
2022-10-22 10:26:59,666 [INFO] PluginManage:302 - Check plugin thirdparty
2022-10-22 10:26:59,807 [WARN] IntegrityCheckThread:78 - waiting for thirdparty lock release [integrity check]
2022-10-22 10:26:59,807 [INFO] PluginManage:352 - Loaded plugin thirdparty (category:base,tabindex:-1)
2022-10-22 10:26:59,807 [INFO] IntegrityCheckThread:80 - entering critical section [integrity check]
2022-10-22 10:26:59,807 [INFO] PluginManage:302 - Check plugin tools
2022-10-22 10:26:59,807 [INFO] ThirdPartyUpdaterWithRetryManager:66 - Updater plugin not ready yet. [1/15]
2022-10-22 10:26:59,807 [INFO] PluginManage:352 - Loaded plugin tools (category:base,tabindex:7)
2022-10-22 10:26:59,807 [INFO] PluginManage:302 - Check plugin tutovideos
2022-10-22 10:27:00,026 [INFO] PluginManage:352 - Loaded plugin tutovideos (category:base,tabindex:-1)
2022-10-22 10:27:00,026 [INFO] PluginManage:302 - Check plugin updater
2022-10-22 10:27:00,041 [INFO] PluginManage:352 - Loaded plugin updater (category:base,tabindex:12)
2022-10-22 10:27:00,041 [INFO] PluginManage:275 - PluginManage : Loaded plugins [13]
2022-10-22 10:27:00,244 [INFO] PinOutPanel:1463 - setPackage(No Configuration,No Configuration)
2022-10-22 10:27:00,354 [INFO] IPUIPlugin:74 - create IPUIPlugin
2022-10-22 10:27:00,354 [INFO] PluginManager:213 - loadIPPluginJar : add adc
2022-10-22 10:27:00,354 [INFO] IPUIPlugin:74 - create IPUIPlugin
2022-10-22 10:27:00,354 [INFO] PluginManager:213 - loadIPPluginJar : add aes
2022-10-22 10:27:00,354 [INFO] IPUIPlugin:74 - create IPUIPlugin
2022-10-22 10:27:00,354 [INFO] PluginManager:213 - loadIPPluginJar : add can
2022-10-22 10:27:00,354 [INFO] IPUIPlugin:74 - create IPUIPlugin
2022-10-22 10:27:00,354 [INFO] PluginManager:213 - loadIPPluginJar : add comp
2022-10-22 10:27:00,354 [INFO] IPUIPlugin:74 - create IPUIPlugin
2022-10-22 10:27:00,354 [INFO] PluginManager:213 - loadIPPluginJar : add cryp
2022-10-22 10:27:00,369 [INFO] IPUIPlugin:74 - create IPUIPlugin
2022-10-22 10:27:00,369 [INFO] PluginManager:213 - loadIPPluginJar : add dfsdm
2022-10-22 10:27:00,369 [INFO] IPUIPlugin:74 - create IPUIPlugin
2022-10-22 10:27:00,369 [INFO] PluginManager:213 - loadIPPluginJar : add dma
2022-10-22 10:27:00,369 [INFO] IPUIPlugin:74 - create IPUIPlugin
2022-10-22 10:27:00,369 [INFO] PluginManager:213 - loadIPPluginJar : add dma3
2022-10-22 10:27:00,369 [INFO] IPUIPlugin:74 - create IPUIPlugin
2022-10-22 10:27:00,369 [INFO] PluginManager:213 - loadIPPluginJar : add fatfs
2022-10-22 10:27:00,385 [INFO] IPUIPlugin:74 - create IPUIPlugin
2022-10-22 10:27:00,385 [INFO] PluginManager:213 - loadIPPluginJar : add fmc
2022-10-22 10:27:00,385 [INFO] IPUIPlugin:74 - create IPUIPlugin
2022-10-22 10:27:00,385 [INFO] PluginManager:213 - loadIPPluginJar : add freertos
2022-10-22 10:27:00,385 [INFO] IPUIPlugin:74 - create IPUIPlugin
2022-10-22 10:27:00,385 [INFO] PluginManager:213 - loadIPPluginJar : add genericplugin
2022-10-22 10:27:00,385 [INFO] IPUIPlugin:74 - create IPUIPlugin
2022-10-22 10:27:00,385 [INFO] PluginManager:213 - loadIPPluginJar : add gfxmmu
2022-10-22 10:27:00,401 [INFO] IPUIPlugin:74 - create IPUIPlugin
2022-10-22 10:27:00,401 [INFO] PluginManager:213 - loadIPPluginJar : add gic
2022-10-22 10:27:00,416 [INFO] IPUIPlugin:74 - create IPUIPlugin
2022-10-22 10:27:00,416 [INFO] PluginManager:213 - loadIPPluginJar : add gpio
2022-10-22 10:27:00,416 [INFO] IPUIPlugin:74 - create IPUIPlugin
2022-10-22 10:27:00,416 [INFO] PluginManager:213 - loadIPPluginJar : add gtzc
2022-10-22 10:27:00,416 [INFO] IPUIPlugin:74 - create IPUIPlugin
2022-10-22 10:27:00,432 [INFO] PluginManager:213 - loadIPPluginJar : add hash
2022-10-22 10:27:00,432 [INFO] IPUIPlugin:74 - create IPUIPlugin
2022-10-22 10:27:00,432 [INFO] PluginManager:213 - loadIPPluginJar : add i2c
2022-10-22 10:27:00,432 [INFO] IPUIPlugin:74 - create IPUIPlugin
2022-10-22 10:27:00,432 [INFO] PluginManager:213 - loadIPPluginJar : add i2s
2022-10-22 10:27:00,432 [INFO] IPUIPlugin:74 - create IPUIPlugin
2022-10-22 10:27:00,432 [INFO] PluginManager:213 - loadIPPluginJar : add ipddr
2022-10-22 10:27:00,447 [INFO] IPUIPlugin:74 - create IPUIPlugin
2022-10-22 10:27:00,447 [INFO] PluginManager:213 - loadIPPluginJar : add linkedlist
2022-10-22 10:27:00,447 [INFO] IPUIPlugin:74 - create IPUIPlugin
2022-10-22 10:27:00,447 [INFO] PluginManager:213 - loadIPPluginJar : add lorawan
2022-10-22 10:27:00,447 [INFO] IPUIPlugin:74 - create IPUIPlugin
2022-10-22 10:27:00,447 [INFO] PluginManager:213 - loadIPPluginJar : add ltdc
2022-10-22 10:27:00,447 [INFO] IPUIPlugin:74 - create IPUIPlugin
2022-10-22 10:27:00,447 [INFO] PluginManager:213 - loadIPPluginJar : add mdma
2022-10-22 10:27:00,463 [INFO] IPUIPlugin:74 - create IPUIPlugin
2022-10-22 10:27:00,463 [INFO] PluginManager:213 - loadIPPluginJar : add nvic
2022-10-22 10:27:00,463 [INFO] IPUIPlugin:74 - create IPUIPlugin
2022-10-22 10:27:00,463 [INFO] PluginManager:213 - loadIPPluginJar : add opamp
2022-10-22 10:27:00,463 [INFO] IPUIPlugin:74 - create IPUIPlugin
2022-10-22 10:27:00,463 [INFO] PluginManager:213 - loadIPPluginJar : add openamp
2022-10-22 10:27:00,463 [INFO] IPUIPlugin:74 - create IPUIPlugin
2022-10-22 10:27:00,463 [INFO] PluginManager:213 - loadIPPluginJar : add pdm2pcm
2022-10-22 10:27:00,479 [INFO] IPUIPlugin:74 - create IPUIPlugin
2022-10-22 10:27:00,479 [INFO] PluginManager:213 - loadIPPluginJar : add plateformsettings
2022-10-22 10:27:00,479 [INFO] IPUIPlugin:74 - create IPUIPlugin
2022-10-22 10:27:00,479 [INFO] PluginManager:213 - loadIPPluginJar : add quadspi
2022-10-22 10:27:00,494 [INFO] IPUIPlugin:74 - create IPUIPlugin
2022-10-22 10:27:00,494 [INFO] PluginManager:213 - loadIPPluginJar : add resmgrutility
2022-10-22 10:27:00,494 [INFO] IPUIPlugin:74 - create IPUIPlugin
2022-10-22 10:27:00,494 [INFO] PluginManager:213 - loadIPPluginJar : add sai
2022-10-22 10:27:00,494 [INFO] IPUIPlugin:74 - create IPUIPlugin
2022-10-22 10:27:00,494 [INFO] PluginManager:213 - loadIPPluginJar : add spi
2022-10-22 10:27:00,494 [INFO] IPUIPlugin:74 - create IPUIPlugin
2022-10-22 10:27:00,510 [INFO] PluginManager:213 - loadIPPluginJar : add stm32_wpan
2022-10-22 10:27:00,510 [INFO] IPUIPlugin:74 - create IPUIPlugin
2022-10-22 10:27:00,510 [INFO] PluginManager:213 - loadIPPluginJar : add tim
2022-10-22 10:27:00,510 [INFO] IPUIPlugin:74 - create IPUIPlugin
2022-10-22 10:27:00,510 [INFO] PluginManager:213 - loadIPPluginJar : add touchsensing
2022-10-22 10:27:00,510 [INFO] IPUIPlugin:74 - create IPUIPlugin
2022-10-22 10:27:00,510 [INFO] PluginManager:213 - loadIPPluginJar : add tracer_emb
2022-10-22 10:27:00,510 [INFO] IPUIPlugin:74 - create IPUIPlugin
2022-10-22 10:27:00,510 [INFO] PluginManager:213 - loadIPPluginJar : add ts
2022-10-22 10:27:00,510 [INFO] IPUIPlugin:74 - create IPUIPlugin
2022-10-22 10:27:00,510 [INFO] PluginManager:213 - loadIPPluginJar : add tsc
2022-10-22 10:27:00,510 [INFO] IPUIPlugin:74 - create IPUIPlugin
2022-10-22 10:27:00,510 [INFO] PluginManager:213 - loadIPPluginJar : add ucpd
2022-10-22 10:27:00,526 [INFO] IPUIPlugin:74 - create IPUIPlugin
2022-10-22 10:27:00,526 [INFO] PluginManager:213 - loadIPPluginJar : add usart
2022-10-22 10:27:00,526 [INFO] IPUIPlugin:74 - create IPUIPlugin
2022-10-22 10:27:00,526 [INFO] PluginManager:213 - loadIPPluginJar : add usbx
2022-10-22 10:27:00,832 [FATAL] Updater:294 - Updater called before beeing initialized
2022-10-22 10:27:00,963 [FATAL] Updater:294 - Updater called before beeing initialized
2022-10-22 10:27:00,963 [INFO] DbMcusAds:47 - JSON generation date=Thu Sep 30 13:56:37 ICT 2021 (1632984997303)
2022-10-22 10:27:00,963 [FATAL] Updater:294 - Updater called before beeing initialized
2022-10-22 10:27:01,026 [WARN] DetailPanel:314 - Failed to get advertising image, set to default
2022-10-22 10:27:01,119 [FATAL] Updater:294 - Updater called before beeing initialized
2022-10-22 10:27:01,119 [FATAL] Updater:294 - Updater called before beeing initialized
2022-10-22 10:27:01,119 [FATAL] Updater:294 - Updater called before beeing initialized
2022-10-22 10:27:01,119 [WARN] DetailPanel:314 - Failed to get advertising image, set to default
2022-10-22 10:27:01,119 [FATAL] Updater:294 - Updater called before beeing initialized
2022-10-22 10:27:01,182 [ERROR] Updater:1075 - MainUpdater not yet initialized. External WinMGr cannot be set.
2022-10-22 10:27:01,182 [INFO] Updater:1012 - Updater Version found : 6.3.0
2022-10-22 10:27:01,197 [INFO] ApplicationProperties:181 - Using Application install path: D:\STM32\STM32CubeIDE_1.7.0\STM32CubeIDE\plugins\com.st.stm32cube.common.mx_6.3.0.202107141111
2022-10-22 10:27:02,010 [INFO] MainUpdater:2671 - connection check result : 10
2022-10-22 10:27:02,010 [INFO] MainUpdater:265 - Updater Check For Update Now.
2022-10-22 10:27:02,010 [INFO] MicroXplorer:478 - Change Database Version : DB.6.0.30
2022-10-22 10:27:02,213 [INFO] CheckServerUpdateThread:112 - End of CheckServer Thread
2022-10-22 10:27:02,244 [INFO] MainUpdater:2671 - connection check result : 10
2022-10-22 10:27:02,244 [INFO] MainUpdater:2671 - connection check result : 10
2022-10-22 10:27:02,338 [INFO] MicroXplorer:448 - Change Database Path : 
2022-10-22 10:27:02,338 [INFO] MicroXplorer:478 - Change Database Version : DB.6.0.30
2022-10-22 10:27:02,338 [WARN] ThirdParty:813 - waiting for thirdparty lock release [close project]
2022-10-22 10:27:02,976 [WARN] PackLoader:238 - Cannot read IP mode file for STMicroelectronics.X-CUBE-GNSS1.6.0.0
2022-10-22 10:27:03,038 [WARN] PackLoader:238 - Cannot read IP mode file for STMicroelectronics.X-CUBE-AZRTOS-F4.1.1.0
2022-10-22 10:27:03,054 [WARN] PackLoader:238 - Cannot read IP mode file for STMicroelectronics.X-CUBE-BLEMGR.1.2.0
2022-10-22 10:27:03,069 [WARN] PackLoader:238 - Cannot read IP mode file for STMicroelectronics.X-CUBE-AZRTOS-F7.1.1.0
2022-10-22 10:27:03,085 [WARN] PackLoader:238 - Cannot read IP mode file for STMicroelectronics.X-CUBE-BLE1.6.2.3
2022-10-22 10:27:03,101 [WARN] PackLoader:238 - Cannot read IP mode file for STMicroelectronics.X-CUBE-NFC4.2.0.4
2022-10-22 10:27:03,101 [WARN] PackLoader:238 - Cannot read IP mode file for wolfSSL.I-CUBE-wolfSSL.5.5.1
2022-10-22 10:27:03,132 [WARN] PackLoader:238 - Cannot read IP mode file for STMicroelectronics.X-CUBE-NFC7.1.0.0
2022-10-22 10:27:03,210 [WARN] PackLoader:238 - Cannot read IP mode file for STMicroelectronics.X-CUBE-MEMS1.9.3.0
2022-10-22 10:27:03,476 [WARN] PackLoader:238 - Cannot read IP mode file for STMicroelectronics.X-CUBE-AI.7.2.0
2022-10-22 10:27:03,476 [WARN] PackLoader:238 - Cannot read IP mode file for STMicroelectronics.X-CUBE-SFXS2LP1.4.0.0
2022-10-22 10:27:03,491 [WARN] PackLoader:238 - Cannot read IP mode file for STMicroelectronics.X-CUBE-BLE2.3.3.0
2022-10-22 10:27:03,491 [WARN] PackLoader:238 - Cannot read IP mode file for STMicroelectronics.X-CUBE-DISPLAY.2.2.0
2022-10-22 10:27:03,507 [WARN] PackLoader:238 - Cannot read IP mode file for STMicroelectronics.X-CUBE-TOF1.3.2.0
2022-10-22 10:27:03,522 [WARN] PackLoader:238 - Cannot read IP mode file for STMicroelectronics.X-CUBE-ISPU.1.0.0
2022-10-22 10:27:03,538 [WARN] PackLoader:238 - Cannot read IP mode file for RoweBots.I-CUBE-UNISONRTOS.5.5.0-4
2022-10-22 10:27:03,569 [WARN] PackLoader:238 - Cannot read IP mode file for STMicroelectronics.X-CUBE-AZRTOS-H7.2.1.0
2022-10-22 10:27:03,585 [WARN] PackLoader:238 - Cannot read IP mode file for STMicroelectronics.X-CUBE-ALGOBUILD.1.3.0
2022-10-22 10:27:03,601 [WARN] PackLoader:238 - Cannot read IP mode file for STMicroelectronics.X-CUBE-AZRTOS-G0.1.1.0
2022-10-22 10:27:03,616 [WARN] PackLoader:238 - Cannot read IP mode file for STMicroelectronics.X-CUBE-SUBG2.5.0.0
2022-10-22 10:27:03,679 [WARN] PackLoader:238 - Cannot read IP mode file for SEGGER.I-CUBE-embOS.1.2.1
2022-10-22 10:27:03,726 [WARN] PackLoader:238 - Cannot read IP mode file for STMicroelectronics.FP-ATR-ASTRA1.1.1.1
2022-10-22 10:27:03,741 [WARN] PackLoader:238 - Cannot read IP mode file for STMicroelectronics.X-CUBE-AZRTOS-G4.1.0.0
2022-10-22 10:27:03,757 [WARN] PackLoader:238 - Cannot read IP mode file for STMicroelectronics.FP-ATR-SIGFOX1.3.2.0
2022-10-22 10:27:03,772 [WARN] PackLoader:238 - Cannot read IP mode file for STMicroelectronics.X-CUBE-AZRTOS-L4.1.0.0
2022-10-22 10:27:03,788 [WARN] PackLoader:238 - Cannot read IP mode file for emotas.I-CUBE-CANOPEN.1.1.2
2022-10-22 10:27:03,788 [WARN] PackLoader:238 - Cannot read IP mode file for STMicroelectronics.X-CUBE-TOUCHGFX.4.20.0
2022-10-22 10:27:03,804 [WARN] PackLoader:238 - Cannot read IP mode file for STMicroelectronics.X-CUBE-AZRTOS-WL.1.0.0
2022-10-22 10:27:03,804 [WARN] PackLoader:238 - Cannot read IP mode file for portGmbH.I-Cube-SoM-uGOAL.1.1.0
2022-10-22 10:27:03,804 [WARN] PackLoader:238 - Cannot read IP mode file for STMicroelectronics.X-CUBE-ALS.1.0.1
2022-10-22 10:27:03,835 [WARN] PackLoader:238 - Cannot read IP mode file for STMicroelectronics.X-CUBE-AZRTOS-L5.1.0.0
2022-10-22 10:27:03,835 [WARN] PackLoader:238 - Cannot read IP mode file for STMicroelectronics.X-CUBE-EEPRMA1.3.1.1
2022-10-22 10:27:03,835 [INFO] ThirdParty:915 - Integrity check success = true
2022-10-22 10:27:03,835 [INFO] IntegrityCheckThread:94 - exiting critical section [integrity check]
2022-10-22 10:27:03,835 [INFO] IntegrityCheckThread:97 - End integrity checks thread
2022-10-22 10:27:03,835 [INFO] ThirdParty:815 - entering critical section [close project]
2022-10-22 10:27:03,835 [INFO] ThirdParty:825 - exiting critical section [close project]
2022-10-22 10:27:03,835 [INFO] PinOutPanel:1463 - setPackage(No Configuration,No Configuration)
2022-10-22 10:27:03,835 [INFO] UtilMem:74 - Begin LoadConfig() Used Memory: 558955128 Bytes (578813952)
2022-10-22 10:27:03,835 [INFO] MicroXplorer:448 - Change Database Path : 
2022-10-22 10:27:03,835 [INFO] MicroXplorer:478 - Change Database Version : DB.6.0.30
2022-10-22 10:27:03,835 [INFO] OpenFileManager:313 - Change cursor
2022-10-22 10:27:04,678 [INFO] Context:592 - Trying to add GPIOservice into a context  which must be forbidden
2022-10-22 10:27:04,985 [WARN] ApiManager:304 - Cannot register API 'Board Extension:GNSS1A1' from pack STMicroelectronics.X-CUBE-GNSS1.6.0.0: no header file found
2022-10-22 10:27:04,985 [WARN] ApiManager:304 - Cannot register API 'Board Support:Custom' from pack STMicroelectronics.X-CUBE-GNSS1.6.0.0: no header file found
2022-10-22 10:27:04,985 [WARN] ApiManager:304 - Cannot register API 'Data Exchange:lib_gnss' from pack STMicroelectronics.X-CUBE-GNSS1.6.0.0: no header file found
2022-10-22 10:27:04,999 [WARN] ModelIntegratedComponent:60 - No mode defined for component null
2022-10-22 10:27:04,999 [WARN] ModelIntegratedComponent:60 - No mode defined for component null
2022-10-22 10:27:04,999 [WARN] ModelIntegratedComponent:60 - No mode defined for component null
2022-10-22 10:27:04,999 [WARN] ModelIntegratedComponent:60 - No mode defined for component null
2022-10-22 10:27:04,999 [WARN] ModelIntegratedComponent:60 - No mode defined for component null
2022-10-22 10:27:04,999 [WARN] ModelIntegratedComponent:60 - No mode defined for component null
2022-10-22 10:27:04,999 [WARN] ModelIntegratedComponent:60 - No mode defined for component null
2022-10-22 10:27:04,999 [WARN] ModelIntegratedComponent:60 - No mode defined for component null
2022-10-22 10:27:05,000 [WARN] ModelIntegratedComponent:60 - No mode defined for component null
2022-10-22 10:27:05,000 [WARN] ModelIntegratedComponent:60 - No mode defined for component null
2022-10-22 10:27:05,000 [WARN] ModelIntegratedComponent:60 - No mode defined for component null
2022-10-22 10:27:05,000 [WARN] ModelIntegratedComponent:60 - No mode defined for component null
2022-10-22 10:27:05,000 [WARN] ModelIntegratedComponent:60 - No mode defined for component null
2022-10-22 10:27:05,000 [WARN] ModelIntegratedComponent:60 - No mode defined for component null
2022-10-22 10:27:05,000 [WARN] ModelIntegratedComponent:60 - No mode defined for component null
2022-10-22 10:27:05,000 [WARN] ModelIntegratedComponent:60 - No mode defined for component null
2022-10-22 10:27:05,000 [WARN] ModelIntegratedComponent:60 - No mode defined for component null
2022-10-22 10:27:05,000 [WARN] ModelIntegratedComponent:60 - No mode defined for component null
2022-10-22 10:27:05,000 [WARN] ModelIntegratedComponent:60 - No mode defined for component null
2022-10-22 10:27:05,000 [WARN] ModelIntegratedComponent:60 - No mode defined for component null
2022-10-22 10:27:05,001 [WARN] ModelIntegratedComponent:60 - No mode defined for component null
2022-10-22 10:27:05,001 [WARN] ModelIntegratedComponent:60 - No mode defined for component null
2022-10-22 10:27:05,001 [WARN] ModelIntegratedComponent:60 - No mode defined for component null
2022-10-22 10:27:05,001 [WARN] ModelIntegratedComponent:60 - No mode defined for component null
2022-10-22 10:27:05,001 [WARN] ModelIntegratedComponent:60 - No mode defined for component null
2022-10-22 10:27:05,001 [WARN] ModelIntegratedComponent:60 - No mode defined for component null
2022-10-22 10:27:05,001 [WARN] ModelIntegratedComponent:60 - No mode defined for component null
2022-10-22 10:27:05,001 [WARN] ModelIntegratedComponent:60 - No mode defined for component null
2022-10-22 10:27:05,001 [WARN] ModelIntegratedComponent:60 - No mode defined for component null
2022-10-22 10:27:05,001 [WARN] ModelIntegratedComponent:60 - No mode defined for component null
2022-10-22 10:27:05,001 [WARN] ModelIntegratedComponent:60 - No mode defined for component null
2022-10-22 10:27:05,004 [WARN] ApiManager:304 - Cannot register API 'Board Extension:NFC07A1' from pack STMicroelectronics.X-CUBE-NFC7.1.0.0: no header file found
2022-10-22 10:27:05,273 [WARN] ApiManager:304 - Cannot register API 'Board Extension:IKS01A3' from pack STMicroelectronics.X-CUBE-MEMS1.9.3.0: no header file found
2022-10-22 10:27:05,289 [WARN] ApiManager:304 - Cannot register API 'Board Extension:IKS01A2' from pack STMicroelectronics.X-CUBE-MEMS1.9.3.0: no header file found
2022-10-22 10:27:05,289 [WARN] ApiManager:304 - Cannot register API 'Board Extension:IKS02A1' from pack STMicroelectronics.X-CUBE-MEMS1.9.3.0: no header file found
2022-10-22 10:27:05,289 [WARN] ApiManager:304 - Cannot register API 'Wireless:BlueNRG-MS' from pack STMicroelectronics.X-CUBE-BLE1.6.2.3: no header file found
2022-10-22 10:27:05,304 [INFO] RtosManager:484 - Registered RTOS mode: class=CMSIS, group=RTOS, mode=CMSIS_V1, owner=FREERTOS
2022-10-22 10:27:05,304 [INFO] RtosManager:484 - Registered RTOS mode: class=CMSIS, group=RTOS2, mode=CMSIS_V2, owner=FREERTOS
2022-10-22 10:27:05,304 [INFO] RtosManager:484 - Registered RTOS mode: class=RTOS, group=Core, mode=CMSIS_V1, owner=FREERTOS
2022-10-22 10:27:05,304 [INFO] RtosManager:484 - Registered RTOS mode: class=RTOS, group=Core, mode=CMSIS_V2, owner=FREERTOS
2022-10-22 10:27:05,304 [WARN] ModelIntegratedComponent:181 - Missing modes for component STMicroelectronics:FreeRTOS:0.0.1:STMicroelectronics:RTOS:FreeRTOS:Core:::10.2.0:
2022-10-22 10:27:05,304 [WARN] ApiManager:304 - Cannot register API 'Board Extension:S2868A1' from pack STMicroelectronics.X-CUBE-SUBG2.5.0.0: no header file found
2022-10-22 10:27:05,304 [WARN] ApiManager:304 - Cannot register API 'Board Extension:S2868A2' from pack STMicroelectronics.X-CUBE-SUBG2.5.0.0: no header file found
2022-10-22 10:27:05,304 [WARN] ApiManager:304 - Cannot register API 'Board Extension:S2915A1' from pack STMicroelectronics.X-CUBE-SUBG2.5.0.0: no header file found
2022-10-22 10:27:05,304 [WARN] ApiManager:304 - Cannot register API 'Board Extension:EEPRMA1' from pack STMicroelectronics.X-CUBE-EEPRMA1.3.1.1: no header file found
2022-10-22 10:27:05,304 [WARN] ApiManager:304 - Cannot register API 'Board Extension:EEPRMA2' from pack STMicroelectronics.X-CUBE-EEPRMA1.3.1.1: no header file found
2022-10-22 10:27:05,304 [WARN] ApiManager:304 - Cannot register API 'Board Extension:S2868A1' from pack STMicroelectronics.X-CUBE-SFXS2LP1.4.0.0: no header file found
2022-10-22 10:27:05,304 [WARN] ApiManager:304 - Cannot register API 'Board Extension:S2868A2' from pack STMicroelectronics.X-CUBE-SFXS2LP1.4.0.0: no header file found
2022-10-22 10:27:05,304 [WARN] ApiManager:304 - Cannot register API 'Board Extension:S2915A1' from pack STMicroelectronics.X-CUBE-SFXS2LP1.4.0.0: no header file found
2022-10-22 10:27:05,304 [WARN] ApiManager:304 - Cannot register API 'Wireless:BlueNRG-2' from pack STMicroelectronics.X-CUBE-BLE2.3.3.0: no header file found
2022-10-22 10:27:05,320 [WARN] ApiManager:304 - Cannot register API 'Board Extension:NFC04A1' from pack STMicroelectronics.X-CUBE-NFC4.2.0.4: no header file found
2022-10-22 10:27:07,423 [INFO] UtilMem:74 - End LoadConfig() Used Memory: 562262176 Bytes (722468864)
2022-10-22 10:27:07,423 [INFO] DbMcusXml:100 - Load MCU database from D:\STM32\STM32CubeIDE_1.7.0\STM32CubeIDE\plugins\com.st.stm32cube.common.mx_6.3.0.202107141111\\db\/mcu/families.xml
2022-10-22 10:27:08,434 [INFO] DbMcusJson:93 - JSON generation date=Tue Nov 16 23:17:54 ICT 2021 (1637079474)
2022-10-22 10:27:09,387 [INFO] DbMcus:175 - Found 1951 MCUs (1903 are supported by CubeMX, 1914 are visible in CubeMX)
2022-10-22 10:27:09,387 [INFO] ApiDb:251 - Load user favorites file C:\Users\Luong/.stm32cubeide/favorites.mcus.txt: 0 item(s)
2022-10-22 10:27:09,387 [INFO] ApiDb:255 - User favorites MCUs=[]
2022-10-22 10:27:09,387 [INFO] DbMcus:187 - Set 0 / 0 favorites MCUs
2022-10-22 10:27:09,387 [WARN] ThirdParty:779 - waiting for thirdparty lock release [change project]
2022-10-22 10:27:09,387 [INFO] ThirdParty:781 - entering critical section [change project]
2022-10-22 10:27:09,387 [INFO] ThirdParty:967 - CMSIS Pack Vendor :RoweBots I-CUBE-UNISONRTOS 5.5.0-4
2022-10-22 10:27:09,387 [INFO] ThirdParty:967 - CMSIS Pack Vendor :STMicroelectronics X-CUBE-GNSS1 6.0.0
2022-10-22 10:27:09,403 [INFO] ThirdParty:967 - CMSIS Pack Vendor :STMicroelectronics X-CUBE-AZRTOS-H7 2.1.0
2022-10-22 10:27:09,403 [INFO] ThirdParty:967 - CMSIS Pack Vendor :STMicroelectronics USB_HOST 2.0.0
2022-10-22 10:27:09,403 [INFO] ThirdParty:967 - CMSIS Pack Vendor :STMicroelectronics X-CUBE-AZRTOS-F4 1.1.0
2022-10-22 10:27:09,403 [INFO] ThirdParty:967 - CMSIS Pack Vendor :STMicroelectronics X-CUBE-AZRTOS-G4 1.0.0
2022-10-22 10:27:09,403 [INFO] ThirdParty:967 - CMSIS Pack Vendor :STMicroelectronics FP-ATR-SIGFOX1 3.2.0
2022-10-22 10:27:09,403 [INFO] ThirdParty:967 - CMSIS Pack Vendor :STMicroelectronics X-CUBE-AZRTOS-L4 1.0.0
2022-10-22 10:27:09,403 [INFO] ThirdParty:967 - CMSIS Pack Vendor :wolfSSL I-CUBE-wolfSSL 5.5.1
2022-10-22 10:27:09,403 [INFO] ThirdParty:967 - CMSIS Pack Vendor :STMicroelectronics USB_DEVICE 3.0.0
2022-10-22 10:27:09,403 [INFO] ThirdParty:967 - CMSIS Pack Vendor :STMicroelectronics HAL Drivers 0.0.0
2022-10-22 10:27:09,403 [INFO] ThirdParty:967 - CMSIS Pack Vendor :STMicroelectronics MBEDTLS 2.16.2
2022-10-22 10:27:09,403 [INFO] ThirdParty:967 - CMSIS Pack Vendor :emotas I-CUBE-CANOPEN 1.1.2
2022-10-22 10:27:09,403 [INFO] ThirdParty:967 - CMSIS Pack Vendor :STMicroelectronics X-CUBE-TOUCHGFX 4.20.0
2022-10-22 10:27:09,403 [INFO] ThirdParty:967 - CMSIS Pack Vendor :STMicroelectronics MBEDTLS 2.14.1
2022-10-22 10:27:09,403 [INFO] ThirdParty:967 - CMSIS Pack Vendor :STMicroelectronics X-CUBE-NFC7 1.0.0
2022-10-22 10:27:09,403 [INFO] ThirdParty:967 - CMSIS Pack Vendor :STMicroelectronics X-CUBE-BLEMGR 1.2.0
2022-10-22 10:27:09,403 [INFO] ThirdParty:967 - CMSIS Pack Vendor :STMicroelectronics X-CUBE-AZRTOS-WL 1.0.0
2022-10-22 10:27:09,403 [INFO] ThirdParty:967 - CMSIS Pack Vendor :STMicroelectronics X-CUBE-AZRTOS-F7 1.1.0
2022-10-22 10:27:09,403 [INFO] ThirdParty:967 - CMSIS Pack Vendor :STMicroelectronics X-CUBE-MEMS1 9.3.0
2022-10-22 10:27:09,403 [INFO] ThirdParty:967 - CMSIS Pack Vendor :portGmbH I-Cube-SoM-uGOAL 1.1.0
2022-10-22 10:27:09,403 [INFO] ThirdParty:967 - CMSIS Pack Vendor :STMicroelectronics X-CUBE-ALS 1.0.1
2022-10-22 10:27:09,403 [INFO] ThirdParty:967 - CMSIS Pack Vendor :STMicroelectronics USB_DEVICE 2.0.0
2022-10-22 10:27:09,403 [INFO] ThirdParty:967 - CMSIS Pack Vendor :STMicroelectronics X-CUBE-AI 7.2.0
2022-10-22 10:27:09,403 [INFO] ThirdParty:967 - CMSIS Pack Vendor :STMicroelectronics X-CUBE-BLE1 6.2.3
2022-10-22 10:27:09,403 [INFO] ThirdParty:967 - CMSIS Pack Vendor :STMicroelectronics X-CUBE-ALGOBUILD 1.3.0
2022-10-22 10:27:09,403 [INFO] ThirdParty:967 - CMSIS Pack Vendor :STMicroelectronics X-CUBE-AZRTOS-L5 1.0.0
2022-10-22 10:27:09,403 [INFO] ThirdParty:967 - CMSIS Pack Vendor :STMicroelectronics FreeRTOS 0.0.1
2022-10-22 10:27:09,403 [INFO] ThirdParty:967 - CMSIS Pack Vendor :STMicroelectronics X-CUBE-AZRTOS-G0 1.1.0
2022-10-22 10:27:09,403 [INFO] ThirdParty:967 - CMSIS Pack Vendor :STMicroelectronics USB_DEVICE 1.0.0
2022-10-22 10:27:09,403 [INFO] ThirdParty:967 - CMSIS Pack Vendor :STMicroelectronics X-CUBE-SUBG2 5.0.0
2022-10-22 10:27:09,403 [INFO] ThirdParty:967 - CMSIS Pack Vendor :SEGGER I-CUBE-embOS 1.2.1
2022-10-22 10:27:09,403 [INFO] ThirdParty:967 - CMSIS Pack Vendor :STMicroelectronics X-CUBE-EEPRMA1 3.1.1
2022-10-22 10:27:09,403 [INFO] ThirdParty:967 - CMSIS Pack Vendor :STMicroelectronics ThreadX 0.0.2
2022-10-22 10:27:09,403 [INFO] ThirdParty:967 - CMSIS Pack Vendor :STMicroelectronics lwIP 2.0.3
2022-10-22 10:27:09,403 [INFO] ThirdParty:967 - CMSIS Pack Vendor :STMicroelectronics lwIP 2.1.2
2022-10-22 10:27:09,403 [INFO] ThirdParty:967 - CMSIS Pack Vendor :STMicroelectronics X-CUBE-SFXS2LP1 4.0.0
2022-10-22 10:27:09,403 [INFO] ThirdParty:967 - CMSIS Pack Vendor :STMicroelectronics X-CUBE-BLE2 3.3.0
2022-10-22 10:27:09,403 [INFO] ThirdParty:967 - CMSIS Pack Vendor :STMicroelectronics X-CUBE-NFC4 2.0.4
2022-10-22 10:27:09,403 [INFO] ThirdParty:967 - CMSIS Pack Vendor :STMicroelectronics USB_HOST 1.0.0
2022-10-22 10:27:09,403 [INFO] ThirdParty:967 - CMSIS Pack Vendor :STMicroelectronics X-CUBE-DISPLAY 2.2.0
2022-10-22 10:27:09,403 [INFO] ThirdParty:967 - CMSIS Pack Vendor :STMicroelectronics X-CUBE-TOF1 3.2.0
2022-10-22 10:27:09,403 [INFO] ThirdParty:967 - CMSIS Pack Vendor :STMicroelectronics PDM2PCM 3.1.0
2022-10-22 10:27:09,403 [INFO] ThirdParty:967 - CMSIS Pack Vendor :STMicroelectronics FP-ATR-ASTRA1 1.1.1
2022-10-22 10:27:09,403 [INFO] ThirdParty:967 - CMSIS Pack Vendor :STMicroelectronics PDM2PCM 3.2.0
2022-10-22 10:27:09,403 [INFO] ThirdParty:967 - CMSIS Pack Vendor :STMicroelectronics PDM2PCM 3.3.0
2022-10-22 10:27:09,403 [INFO] ThirdParty:967 - CMSIS Pack Vendor :STMicroelectronics X-CUBE-ISPU 1.0.0
2022-10-22 10:27:09,403 [INFO] ThirdParty:787 - exiting critical section [change project]
2022-10-22 10:27:09,762 [INFO] PinOutPanel:1463 - setPackage(No Configuration,No Configuration)
2022-10-22 10:27:09,762 [INFO] PinOutPanel:1463 - setPackage(STM32F103C6Ux,UFQFPN48)
2022-10-22 10:27:10,215 [INFO] UtilMem:74 - Before build in PCC Used Memory: 708315128 Bytes (904921088)
2022-10-22 10:27:10,965 [INFO] UtilMem:74 - After build in PCC Used Memory: 687359216 Bytes (904921088)
2022-10-22 10:27:10,996 [INFO] IPUIPlugin:74 - create IPUIPlugin
2022-10-22 10:27:10,996 [INFO] IPUIPlugin:74 - create IPUIPlugin
2022-10-22 10:27:10,996 [INFO] IPUIPlugin:74 - create IPUIPlugin
2022-10-22 10:27:10,996 [INFO] IPUIPlugin:74 - create IPUIPlugin
2022-10-22 10:27:10,996 [INFO] IPUIPlugin:74 - create IPUIPlugin
2022-10-22 10:27:10,996 [INFO] IPUIPlugin:74 - create IPUIPlugin
2022-10-22 10:27:10,996 [INFO] IPUIPlugin:74 - create IPUIPlugin
2022-10-22 10:27:10,996 [INFO] IPUIPlugin:74 - create IPUIPlugin
2022-10-22 10:27:10,996 [INFO] IPUIPlugin:74 - create IPUIPlugin
2022-10-22 10:27:10,996 [INFO] IPUIPlugin:74 - create IPUIPlugin
2022-10-22 10:27:10,996 [INFO] IPUIPlugin:74 - create IPUIPlugin
2022-10-22 10:27:10,996 [INFO] IPUIPlugin:74 - create IPUIPlugin
2022-10-22 10:27:10,996 [INFO] IPUIPlugin:74 - create IPUIPlugin
2022-10-22 10:27:10,996 [INFO] IPUIPlugin:74 - create IPUIPlugin
2022-10-22 10:27:10,996 [INFO] IPUIPlugin:74 - create IPUIPlugin
2022-10-22 10:27:10,996 [INFO] IPUIPlugin:74 - create IPUIPlugin
2022-10-22 10:27:10,996 [INFO] IPUIPlugin:74 - create IPUIPlugin
2022-10-22 10:27:10,996 [INFO] IPUIPlugin:74 - create IPUIPlugin
2022-10-22 10:27:10,996 [INFO] IPUIPlugin:74 - create IPUIPlugin
2022-10-22 10:27:10,996 [INFO] IPUIPlugin:74 - create IPUIPlugin
2022-10-22 10:27:10,996 [INFO] IPUIPlugin:74 - create IPUIPlugin
2022-10-22 10:27:10,996 [INFO] IPUIPlugin:74 - create IPUIPlugin
2022-10-22 10:27:10,996 [INFO] IPUIPlugin:74 - create IPUIPlugin
2022-10-22 10:27:11,152 [INFO] OpenFileManager:333 - Restore cursor
2022-10-22 10:32:24,797 [INFO] Activator:177 - 


2022-10-22 10:32:24,800 [INFO] Activator:178 - !SESSION log4j initialized
2022-10-22 10:59:34,828 [INFO] Activator:177 - 


2022-10-22 10:59:34,831 [INFO] Activator:178 - !SESSION log4j initialized
2022-10-22 11:02:25,120 [INFO] Activator:177 - 


2022-10-22 11:02:25,122 [INFO] Activator:178 - !SESSION log4j initialized
2022-10-24 09:28:37,739 [INFO] Activator:177 - 


2022-10-24 09:28:37,742 [INFO] Activator:178 - !SESSION log4j initialized
2022-10-24 09:30:32,616 [INFO] McuFinderGlobals:39 - Set McuFinder mode to 2 (CubeIDE integrated)
2022-10-24 09:30:32,899 [INFO] ApplicationProperties:181 - Using Application install path: D:\STM32\STM32CubeIDE_1.7.0\STM32CubeIDE\plugins\com.st.stm32cube.common.mx_6.3.0.202107141111
2022-10-24 09:30:32,919 [INFO] DbMcusXml:74 - Set database path to: D:\STM32\STM32CubeIDE_1.7.0\STM32CubeIDE\plugins\com.st.stm32cube.common.mx_6.3.0.202107141111\\db\/mcu/
2022-10-24 09:30:32,924 [INFO] DbBoardsPdsc:56 - Set plugin database path to: D:\STM32\STM32CubeIDE_1.7.0\STM32CubeIDE\plugins\com.st.stm32cube.common.mx_6.3.0.202107141111\\db\/plugins/boardmanager/
2022-10-24 09:30:32,924 [INFO] DbMcus:258 - Set plugin images path to: D:\STM32\STM32CubeIDE_1.7.0\STM32CubeIDE\plugins\com.st.stm32cube.common.mx_6.3.0.202107141111\\db\/plugins/mcufinder/images/
2022-10-24 09:30:32,924 [INFO] DbBoards:264 - Set plugin images path to: D:\STM32\STM32CubeIDE_1.7.0\STM32CubeIDE\plugins\com.st.stm32cube.common.mx_6.3.0.202107141111\\db\/plugins/mcufinder/images/
2022-10-24 09:30:32,928 [INFO] DbExamples:333 - Set plugin images path to: D:\STM32\STM32CubeIDE_1.7.0\STM32CubeIDE\plugins\com.st.stm32cube.common.mx_6.3.0.202107141111\\db\/plugins/mcufinder/images/
2022-10-24 09:30:32,938 [INFO] DbMcusAds:119 - Set database path to: C:\Users\Luong\.stmcufinder\plugins\mcufinder//mcu/
2022-10-24 09:30:32,939 [INFO] DbMcusDocs:110 - Set database path to: C:\Users\Luong\.stmcufinder\plugins\mcufinder//mcu/
2022-10-24 09:30:32,941 [INFO] DbMcusJson:64 - Set database path to: C:\Users\Luong\.stmcufinder\plugins\mcufinder//mcu/
2022-10-24 09:30:32,942 [INFO] DbBoardsDocs:110 - Set database path to: C:\Users\Luong\.stmcufinder\plugins\mcufinder//mcu/
2022-10-24 09:30:32,945 [INFO] DbBoardsJson:57 - Set database path to: C:\Users\Luong\.stmcufinder\plugins\mcufinder//mcu/
2022-10-24 09:30:33,829 [INFO] CrossReferenceDbSqlite:196 - Set database path to: C:\Users\Luong\.stmcufinder\plugins\mcufinder//mcu/cs/
2022-10-24 09:30:33,846 [INFO] DbExamplesSqlite:767 - Set database path to: C:\Users\Luong\.stmcufinder\plugins\mcufinder//mcu/
2022-10-24 09:30:34,011 [INFO] RulesReader:57 - Compatibility file has been processed (242 Rules)
2022-10-24 09:30:34,135 [INFO] DbMcusXml:74 - Set database path to: D:\STM32\STM32CubeIDE_1.7.0\STM32CubeIDE\plugins\com.st.stm32cube.common.mx_6.3.0.202107141111\\db\/mcu/
2022-10-24 09:30:34,137 [INFO] DbBoardsPdsc:56 - Set plugin database path to: D:\STM32\STM32CubeIDE_1.7.0\STM32CubeIDE\plugins\com.st.stm32cube.common.mx_6.3.0.202107141111\\db\/plugins/boardmanager/
2022-10-24 09:30:34,137 [INFO] DbMcus:258 - Set plugin images path to: D:\STM32\STM32CubeIDE_1.7.0\STM32CubeIDE\plugins\com.st.stm32cube.common.mx_6.3.0.202107141111\\db\/plugins/mcufinder/images/
2022-10-24 09:30:34,137 [INFO] DbBoards:264 - Set plugin images path to: D:\STM32\STM32CubeIDE_1.7.0\STM32CubeIDE\plugins\com.st.stm32cube.common.mx_6.3.0.202107141111\\db\/plugins/mcufinder/images/
2022-10-24 09:30:34,138 [INFO] DbExamples:333 - Set plugin images path to: D:\STM32\STM32CubeIDE_1.7.0\STM32CubeIDE\plugins\com.st.stm32cube.common.mx_6.3.0.202107141111\\db\/plugins/mcufinder/images/
2022-10-24 09:30:34,138 [WARN] DbFile:35 - Overriding database path with different value: C:\Users\Luong\.stmcufinder\plugins\mcufinder/ => C:\Users\Luong\.stmcufinder\plugins\mcufinder
2022-10-24 09:30:34,138 [INFO] DbMcusAds:119 - Set database path to: C:\Users\Luong\.stmcufinder\plugins\mcufinder//mcu/
2022-10-24 09:30:34,138 [WARN] DbFile:35 - Overriding database path with different value: C:\Users\Luong\.stmcufinder\plugins\mcufinder/ => C:\Users\Luong\.stmcufinder\plugins\mcufinder
2022-10-24 09:30:34,138 [INFO] DbMcusDocs:110 - Set database path to: C:\Users\Luong\.stmcufinder\plugins\mcufinder//mcu/
2022-10-24 09:30:34,138 [WARN] DbFile:35 - Overriding database path with different value: C:\Users\Luong\.stmcufinder\plugins\mcufinder/ => C:\Users\Luong\.stmcufinder\plugins\mcufinder
2022-10-24 09:30:34,138 [INFO] DbMcusJson:64 - Set database path to: C:\Users\Luong\.stmcufinder\plugins\mcufinder//mcu/
2022-10-24 09:30:34,139 [WARN] DbFile:35 - Overriding database path with different value: C:\Users\Luong\.stmcufinder\plugins\mcufinder/ => C:\Users\Luong\.stmcufinder\plugins\mcufinder
2022-10-24 09:30:34,139 [INFO] DbBoardsDocs:110 - Set database path to: C:\Users\Luong\.stmcufinder\plugins\mcufinder//mcu/
2022-10-24 09:30:34,139 [WARN] DbFile:35 - Overriding database path with different value: C:\Users\Luong\.stmcufinder\plugins\mcufinder/ => C:\Users\Luong\.stmcufinder\plugins\mcufinder
2022-10-24 09:30:34,139 [INFO] DbBoardsJson:57 - Set database path to: C:\Users\Luong\.stmcufinder\plugins\mcufinder//mcu/
2022-10-24 09:30:34,139 [WARN] DbFile:35 - Overriding database path with different value: C:\Users\Luong\.stmcufinder\plugins\mcufinder/ => C:\Users\Luong\.stmcufinder\plugins\mcufinder
2022-10-24 09:30:34,140 [WARN] DbFile:35 - Overriding database path with different value: C:\Users\Luong\.stmcufinder\plugins\mcufinder/ => C:\Users\Luong\.stmcufinder\plugins\mcufinder
2022-10-24 09:30:34,826 [INFO] CrossReferenceDbSqlite:196 - Set database path to: C:\Users\Luong\.stmcufinder\plugins\mcufinder//mcu/cs/
2022-10-24 09:30:34,827 [WARN] DbFile:35 - Overriding database path with different value: C:\Users\Luong\.stmcufinder\plugins\mcufinder/ => C:\Users\Luong\.stmcufinder\plugins\mcufinder
2022-10-24 09:30:34,828 [INFO] DbExamplesSqlite:767 - Set database path to: C:\Users\Luong\.stmcufinder\plugins\mcufinder//mcu/
2022-10-24 09:30:34,996 [INFO] MainPanel:214 - HeapMemory: 276824064
2022-10-24 09:30:35,106 [INFO] DbMcusXml:74 - Set database path to: D:\STM32\STM32CubeIDE_1.7.0\STM32CubeIDE\plugins\com.st.stm32cube.common.mx_6.3.0.202107141111\\db\/mcu/
2022-10-24 09:30:35,106 [INFO] DbBoardsPdsc:56 - Set plugin database path to: D:\STM32\STM32CubeIDE_1.7.0\STM32CubeIDE\plugins\com.st.stm32cube.common.mx_6.3.0.202107141111\\db\/plugins/boardmanager/
2022-10-24 09:30:35,107 [INFO] DbMcus:258 - Set plugin images path to: D:\STM32\STM32CubeIDE_1.7.0\STM32CubeIDE\plugins\com.st.stm32cube.common.mx_6.3.0.202107141111\\db\/plugins/mcufinder/images/
2022-10-24 09:30:35,107 [INFO] DbBoards:264 - Set plugin images path to: D:\STM32\STM32CubeIDE_1.7.0\STM32CubeIDE\plugins\com.st.stm32cube.common.mx_6.3.0.202107141111\\db\/plugins/mcufinder/images/
2022-10-24 09:30:35,107 [INFO] DbExamples:333 - Set plugin images path to: D:\STM32\STM32CubeIDE_1.7.0\STM32CubeIDE\plugins\com.st.stm32cube.common.mx_6.3.0.202107141111\\db\/plugins/mcufinder/images/
2022-10-24 09:30:35,108 [WARN] DbFile:35 - Overriding database path with different value: C:\Users\Luong\.stmcufinder\plugins\mcufinder/ => C:\Users\Luong\.stmcufinder\plugins\mcufinder
2022-10-24 09:30:35,108 [INFO] DbMcusAds:119 - Set database path to: C:\Users\Luong\.stmcufinder\plugins\mcufinder//mcu/
2022-10-24 09:30:35,108 [WARN] DbFile:35 - Overriding database path with different value: C:\Users\Luong\.stmcufinder\plugins\mcufinder/ => C:\Users\Luong\.stmcufinder\plugins\mcufinder
2022-10-24 09:30:35,108 [INFO] DbMcusDocs:110 - Set database path to: C:\Users\Luong\.stmcufinder\plugins\mcufinder//mcu/
2022-10-24 09:30:35,108 [WARN] DbFile:35 - Overriding database path with different value: C:\Users\Luong\.stmcufinder\plugins\mcufinder/ => C:\Users\Luong\.stmcufinder\plugins\mcufinder
2022-10-24 09:30:35,109 [INFO] DbMcusJson:64 - Set database path to: C:\Users\Luong\.stmcufinder\plugins\mcufinder//mcu/
2022-10-24 09:30:35,109 [WARN] DbFile:35 - Overriding database path with different value: C:\Users\Luong\.stmcufinder\plugins\mcufinder/ => C:\Users\Luong\.stmcufinder\plugins\mcufinder
2022-10-24 09:30:35,109 [INFO] DbBoardsDocs:110 - Set database path to: C:\Users\Luong\.stmcufinder\plugins\mcufinder//mcu/
2022-10-24 09:30:35,109 [WARN] DbFile:35 - Overriding database path with different value: C:\Users\Luong\.stmcufinder\plugins\mcufinder/ => C:\Users\Luong\.stmcufinder\plugins\mcufinder
2022-10-24 09:30:35,109 [INFO] DbBoardsJson:57 - Set database path to: C:\Users\Luong\.stmcufinder\plugins\mcufinder//mcu/
2022-10-24 09:30:35,109 [WARN] DbFile:35 - Overriding database path with different value: C:\Users\Luong\.stmcufinder\plugins\mcufinder/ => C:\Users\Luong\.stmcufinder\plugins\mcufinder
2022-10-24 09:30:35,109 [WARN] DbFile:35 - Overriding database path with different value: C:\Users\Luong\.stmcufinder\plugins\mcufinder/ => C:\Users\Luong\.stmcufinder\plugins\mcufinder
2022-10-24 09:30:35,838 [INFO] CrossReferenceDbSqlite:196 - Set database path to: C:\Users\Luong\.stmcufinder\plugins\mcufinder//mcu/cs/
2022-10-24 09:30:35,839 [WARN] DbFile:35 - Overriding database path with different value: C:\Users\Luong\.stmcufinder\plugins\mcufinder/ => C:\Users\Luong\.stmcufinder\plugins\mcufinder
2022-10-24 09:30:35,839 [INFO] DbExamplesSqlite:767 - Set database path to: C:\Users\Luong\.stmcufinder\plugins\mcufinder//mcu/
2022-10-24 09:30:35,885 [INFO] ApplicationProperties:181 - Using Application install path: D:\STM32\STM32CubeIDE_1.7.0\STM32CubeIDE\plugins\com.st.stm32cube.common.mx_6.3.0.202107141111
2022-10-24 09:30:35,887 [INFO] PluginManage:188 - Search for loadable plugins [exclusion list=, ]
2022-10-24 09:30:35,890 [INFO] PluginManage:302 - Check plugin analytics
2022-10-24 09:30:36,944 [INFO] AnalyticsPlugin:257 - Accepted Software Licenses: 
2022-10-24 09:30:36,945 [INFO] AnalyticsPlugin:259 - Accepted CMSIS Pack Licenses: 
2022-10-24 09:30:36,945 [INFO] AnalyticsPlugin:261 - Accepted Firmware Licenses: 
2022-10-24 09:30:36,946 [INFO] PluginManage:352 - Loaded plugin analytics (category:tool,tabindex:-1)
2022-10-24 09:30:36,946 [INFO] PluginManage:302 - Check plugin clock
2022-10-24 09:30:36,972 [INFO] PluginManage:352 - Loaded plugin clock (category:base,tabindex:2)
2022-10-24 09:30:36,972 [INFO] PluginManage:302 - Check plugin ddr
2022-10-24 09:30:36,975 [INFO] PluginManage:352 - Loaded plugin ddr (category:tool,tabindex:6)
2022-10-24 09:30:36,975 [INFO] PluginManage:302 - Check plugin filemanager
2022-10-24 09:30:37,150 [INFO] PluginManage:352 - Loaded plugin filemanager (category:base,tabindex:10)
2022-10-24 09:30:37,151 [INFO] PluginManage:302 - Check plugin ipmanager
2022-10-24 09:30:37,163 [INFO] PluginManage:352 - Loaded plugin ipmanager (category:base,tabindex:5)
2022-10-24 09:30:37,163 [INFO] PluginManage:302 - Check plugin pinoutandconfiguration
2022-10-24 09:30:37,182 [INFO] PluginManage:352 - Loaded plugin pinoutandconfiguration (category:base,tabindex:1)
2022-10-24 09:30:37,182 [INFO] PluginManage:302 - Check plugin pinoutconfig
2022-10-24 09:30:37,237 [INFO] PluginManage:352 - Loaded plugin pinoutconfig (category:base,tabindex:0)
2022-10-24 09:30:37,237 [INFO] PluginManage:302 - Check plugin power
2022-10-24 09:30:37,262 [INFO] PluginManage:352 - Loaded plugin power (category:power,tabindex:4)
2022-10-24 09:30:37,263 [INFO] PluginManage:302 - Check plugin projectmanager
2022-10-24 09:30:37,283 [INFO] PluginManage:352 - Loaded plugin projectmanager (category:projectmanager,tabindex:3)
2022-10-24 09:30:37,283 [INFO] PluginManage:302 - Check plugin thirdparty
2022-10-24 09:30:37,540 [WARN] IntegrityCheckThread:78 - waiting for thirdparty lock release [integrity check]
2022-10-24 09:30:37,540 [INFO] PluginManage:352 - Loaded plugin thirdparty (category:base,tabindex:-1)
2022-10-24 09:30:37,541 [INFO] IntegrityCheckThread:80 - entering critical section [integrity check]
2022-10-24 09:30:37,541 [INFO] PluginManage:302 - Check plugin tools
2022-10-24 09:30:37,541 [INFO] ThirdPartyUpdaterWithRetryManager:66 - Updater plugin not ready yet. [1/15]
2022-10-24 09:30:37,595 [INFO] PluginManage:352 - Loaded plugin tools (category:base,tabindex:7)
2022-10-24 09:30:37,595 [INFO] PluginManage:302 - Check plugin tutovideos
2022-10-24 09:30:37,886 [INFO] PluginManage:352 - Loaded plugin tutovideos (category:base,tabindex:-1)
2022-10-24 09:30:37,886 [INFO] PluginManage:302 - Check plugin updater
2022-10-24 09:30:37,903 [INFO] PluginManage:352 - Loaded plugin updater (category:base,tabindex:12)
2022-10-24 09:30:37,903 [INFO] PluginManage:275 - PluginManage : Loaded plugins [13]
2022-10-24 09:30:38,122 [INFO] PinOutPanel:1463 - setPackage(No Configuration,No Configuration)
2022-10-24 09:30:38,237 [INFO] IPUIPlugin:74 - create IPUIPlugin
2022-10-24 09:30:38,237 [INFO] PluginManager:213 - loadIPPluginJar : add adc
2022-10-24 09:30:38,277 [INFO] IPUIPlugin:74 - create IPUIPlugin
2022-10-24 09:30:38,278 [INFO] PluginManager:213 - loadIPPluginJar : add aes
2022-10-24 09:30:38,321 [INFO] IPUIPlugin:74 - create IPUIPlugin
2022-10-24 09:30:38,321 [INFO] PluginManager:213 - loadIPPluginJar : add can
2022-10-24 09:30:38,347 [INFO] IPUIPlugin:74 - create IPUIPlugin
2022-10-24 09:30:38,347 [INFO] PluginManager:213 - loadIPPluginJar : add comp
2022-10-24 09:30:38,380 [INFO] IPUIPlugin:74 - create IPUIPlugin
2022-10-24 09:30:38,380 [INFO] PluginManager:213 - loadIPPluginJar : add cryp
2022-10-24 09:30:38,413 [INFO] IPUIPlugin:74 - create IPUIPlugin
2022-10-24 09:30:38,414 [INFO] PluginManager:213 - loadIPPluginJar : add dfsdm
2022-10-24 09:30:38,427 [INFO] IPUIPlugin:74 - create IPUIPlugin
2022-10-24 09:30:38,428 [INFO] PluginManager:213 - loadIPPluginJar : add dma
2022-10-24 09:30:38,472 [INFO] IPUIPlugin:74 - create IPUIPlugin
2022-10-24 09:30:38,473 [INFO] PluginManager:213 - loadIPPluginJar : add dma3
2022-10-24 09:30:38,497 [INFO] IPUIPlugin:74 - create IPUIPlugin
2022-10-24 09:30:38,497 [INFO] PluginManager:213 - loadIPPluginJar : add fatfs
2022-10-24 09:30:38,550 [INFO] IPUIPlugin:74 - create IPUIPlugin
2022-10-24 09:30:38,551 [INFO] PluginManager:213 - loadIPPluginJar : add fmc
2022-10-24 09:30:38,568 [INFO] IPUIPlugin:74 - create IPUIPlugin
2022-10-24 09:30:38,569 [INFO] PluginManager:213 - loadIPPluginJar : add freertos
2022-10-24 09:30:38,594 [INFO] IPUIPlugin:74 - create IPUIPlugin
2022-10-24 09:30:38,594 [INFO] PluginManager:213 - loadIPPluginJar : add genericplugin
2022-10-24 09:30:38,682 [INFO] IPUIPlugin:74 - create IPUIPlugin
2022-10-24 09:30:38,682 [INFO] PluginManager:213 - loadIPPluginJar : add gfxmmu
2022-10-24 09:30:38,809 [INFO] IPUIPlugin:74 - create IPUIPlugin
2022-10-24 09:30:38,809 [INFO] PluginManager:213 - loadIPPluginJar : add gic
2022-10-24 09:30:38,823 [INFO] IPUIPlugin:74 - create IPUIPlugin
2022-10-24 09:30:38,824 [INFO] PluginManager:213 - loadIPPluginJar : add gpio
2022-10-24 09:30:38,902 [INFO] IPUIPlugin:74 - create IPUIPlugin
2022-10-24 09:30:38,902 [INFO] PluginManager:213 - loadIPPluginJar : add gtzc
2022-10-24 09:30:38,954 [INFO] IPUIPlugin:74 - create IPUIPlugin
2022-10-24 09:30:38,954 [INFO] PluginManager:213 - loadIPPluginJar : add hash
2022-10-24 09:30:39,027 [INFO] IPUIPlugin:74 - create IPUIPlugin
2022-10-24 09:30:39,028 [INFO] PluginManager:213 - loadIPPluginJar : add i2c
2022-10-24 09:30:39,091 [INFO] IPUIPlugin:74 - create IPUIPlugin
2022-10-24 09:30:39,091 [INFO] PluginManager:213 - loadIPPluginJar : add i2s
2022-10-24 09:30:39,107 [INFO] IPUIPlugin:74 - create IPUIPlugin
2022-10-24 09:30:39,108 [INFO] PluginManager:213 - loadIPPluginJar : add ipddr
2022-10-24 09:30:39,231 [INFO] IPUIPlugin:74 - create IPUIPlugin
2022-10-24 09:30:39,232 [INFO] PluginManager:213 - loadIPPluginJar : add linkedlist
2022-10-24 09:30:39,276 [INFO] IPUIPlugin:74 - create IPUIPlugin
2022-10-24 09:30:39,277 [INFO] PluginManager:213 - loadIPPluginJar : add lorawan
2022-10-24 09:30:39,318 [INFO] IPUIPlugin:74 - create IPUIPlugin
2022-10-24 09:30:39,318 [INFO] PluginManager:213 - loadIPPluginJar : add ltdc
2022-10-24 09:30:39,331 [INFO] IPUIPlugin:74 - create IPUIPlugin
2022-10-24 09:30:39,332 [INFO] PluginManager:213 - loadIPPluginJar : add mdma
2022-10-24 09:30:39,344 [INFO] IPUIPlugin:74 - create IPUIPlugin
2022-10-24 09:30:39,345 [INFO] PluginManager:213 - loadIPPluginJar : add nvic
2022-10-24 09:30:39,383 [INFO] IPUIPlugin:74 - create IPUIPlugin
2022-10-24 09:30:39,383 [INFO] PluginManager:213 - loadIPPluginJar : add opamp
2022-10-24 09:30:39,449 [INFO] IPUIPlugin:74 - create IPUIPlugin
2022-10-24 09:30:39,450 [INFO] PluginManager:213 - loadIPPluginJar : add openamp
2022-10-24 09:30:39,494 [INFO] IPUIPlugin:74 - create IPUIPlugin
2022-10-24 09:30:39,494 [INFO] PluginManager:213 - loadIPPluginJar : add pdm2pcm
2022-10-24 09:30:39,509 [INFO] IPUIPlugin:74 - create IPUIPlugin
2022-10-24 09:30:39,513 [INFO] PluginManager:213 - loadIPPluginJar : add plateformsettings
2022-10-24 09:30:39,540 [INFO] IPUIPlugin:74 - create IPUIPlugin
2022-10-24 09:30:39,540 [INFO] PluginManager:213 - loadIPPluginJar : add quadspi
2022-10-24 09:30:39,554 [INFO] IPUIPlugin:74 - create IPUIPlugin
2022-10-24 09:30:39,554 [INFO] PluginManager:213 - loadIPPluginJar : add resmgrutility
2022-10-24 09:30:39,609 [INFO] IPUIPlugin:74 - create IPUIPlugin
2022-10-24 09:30:39,610 [INFO] PluginManager:213 - loadIPPluginJar : add sai
2022-10-24 09:30:39,675 [INFO] IPUIPlugin:74 - create IPUIPlugin
2022-10-24 09:30:39,675 [INFO] PluginManager:213 - loadIPPluginJar : add spi
2022-10-24 09:30:39,750 [INFO] IPUIPlugin:74 - create IPUIPlugin
2022-10-24 09:30:39,751 [INFO] PluginManager:213 - loadIPPluginJar : add stm32_wpan
2022-10-24 09:30:39,780 [INFO] IPUIPlugin:74 - create IPUIPlugin
2022-10-24 09:30:39,781 [INFO] PluginManager:213 - loadIPPluginJar : add tim
2022-10-24 09:30:39,851 [INFO] IPUIPlugin:74 - create IPUIPlugin
2022-10-24 09:30:39,852 [INFO] PluginManager:213 - loadIPPluginJar : add touchsensing
2022-10-24 09:30:39,891 [INFO] IPUIPlugin:74 - create IPUIPlugin
2022-10-24 09:30:39,891 [INFO] PluginManager:213 - loadIPPluginJar : add tracer_emb
2022-10-24 09:30:39,929 [INFO] IPUIPlugin:74 - create IPUIPlugin
2022-10-24 09:30:39,930 [INFO] PluginManager:213 - loadIPPluginJar : add ts
2022-10-24 09:30:39,968 [INFO] IPUIPlugin:74 - create IPUIPlugin
2022-10-24 09:30:39,969 [INFO] PluginManager:213 - loadIPPluginJar : add tsc
2022-10-24 09:30:39,999 [INFO] IPUIPlugin:74 - create IPUIPlugin
2022-10-24 09:30:40,000 [INFO] PluginManager:213 - loadIPPluginJar : add ucpd
2022-10-24 09:30:40,071 [INFO] IPUIPlugin:74 - create IPUIPlugin
2022-10-24 09:30:40,071 [INFO] PluginManager:213 - loadIPPluginJar : add usart
2022-10-24 09:30:40,121 [INFO] IPUIPlugin:74 - create IPUIPlugin
2022-10-24 09:30:40,121 [INFO] PluginManager:213 - loadIPPluginJar : add usbx
2022-10-24 09:30:40,509 [FATAL] Updater:294 - Updater called before beeing initialized
2022-10-24 09:30:40,552 [INFO] ThirdPartyUpdaterWithRetryManager:66 - Updater plugin not ready yet. [2/15]
2022-10-24 09:30:40,652 [FATAL] Updater:294 - Updater called before beeing initialized
2022-10-24 09:30:40,671 [INFO] DbMcusAds:47 - JSON generation date=Thu Sep 30 13:56:37 ICT 2021 (1632984997303)
2022-10-24 09:30:40,671 [FATAL] Updater:294 - Updater called before beeing initialized
2022-10-24 09:30:40,754 [WARN] DetailPanel:314 - Failed to get advertising image, set to default
2022-10-24 09:30:40,897 [FATAL] Updater:294 - Updater called before beeing initialized
2022-10-24 09:30:40,901 [FATAL] Updater:294 - Updater called before beeing initialized
2022-10-24 09:30:40,901 [FATAL] Updater:294 - Updater called before beeing initialized
2022-10-24 09:30:40,901 [WARN] DetailPanel:314 - Failed to get advertising image, set to default
2022-10-24 09:30:40,904 [FATAL] Updater:294 - Updater called before beeing initialized
2022-10-24 09:30:40,997 [ERROR] Updater:1075 - MainUpdater not yet initialized. External WinMGr cannot be set.
2022-10-24 09:30:41,014 [INFO] Updater:1012 - Updater Version found : 6.3.0
2022-10-24 09:30:41,040 [INFO] ApplicationProperties:181 - Using Application install path: D:\STM32\STM32CubeIDE_1.7.0\STM32CubeIDE\plugins\com.st.stm32cube.common.mx_6.3.0.202107141111
2022-10-24 09:30:41,355 [INFO] MainUpdater:2671 - connection check result : 10
2022-10-24 09:30:41,358 [INFO] MainUpdater:265 - Updater Check For Update Now.
2022-10-24 09:30:41,359 [INFO] MicroXplorer:478 - Change Database Version : DB.6.0.30
2022-10-24 09:30:41,565 [INFO] CheckServerUpdateThread:112 - End of CheckServer Thread
2022-10-24 09:30:41,637 [INFO] MainUpdater:2671 - connection check result : 10
2022-10-24 09:30:41,655 [INFO] MainUpdater:2671 - connection check result : 10
2022-10-24 09:30:41,907 [INFO] MicroXplorer:448 - Change Database Path : 
2022-10-24 09:30:41,907 [INFO] MicroXplorer:478 - Change Database Version : DB.6.0.30
2022-10-24 09:30:41,908 [WARN] ThirdParty:813 - waiting for thirdparty lock release [close project]
2022-10-24 09:30:43,754 [WARN] PackLoader:238 - Cannot read IP mode file for STMicroelectronics.X-CUBE-GNSS1.6.0.0
2022-10-24 09:30:43,802 [WARN] PackLoader:238 - Cannot read IP mode file for STMicroelectronics.X-CUBE-AZRTOS-F4.1.1.0
2022-10-24 09:30:43,826 [WARN] PackLoader:238 - Cannot read IP mode file for STMicroelectronics.X-CUBE-BLEMGR.1.2.0
2022-10-24 09:30:43,863 [WARN] PackLoader:238 - Cannot read IP mode file for STMicroelectronics.X-CUBE-AZRTOS-F7.1.1.0
2022-10-24 09:30:43,879 [WARN] PackLoader:238 - Cannot read IP mode file for STMicroelectronics.X-CUBE-BLE1.6.2.3
2022-10-24 09:30:43,892 [WARN] PackLoader:238 - Cannot read IP mode file for STMicroelectronics.X-CUBE-NFC4.2.0.4
2022-10-24 09:30:43,905 [WARN] PackLoader:238 - Cannot read IP mode file for wolfSSL.I-CUBE-wolfSSL.5.5.1
2022-10-24 09:30:43,945 [WARN] PackLoader:238 - Cannot read IP mode file for STMicroelectronics.X-CUBE-NFC7.1.0.0
2022-10-24 09:30:44,036 [WARN] PackLoader:238 - Cannot read IP mode file for STMicroelectronics.X-CUBE-MEMS1.9.3.0
2022-10-24 09:30:44,329 [WARN] PackLoader:238 - Cannot read IP mode file for STMicroelectronics.X-CUBE-AI.7.2.0
2022-10-24 09:30:44,347 [WARN] PackLoader:238 - Cannot read IP mode file for STMicroelectronics.X-CUBE-SFXS2LP1.4.0.0
2022-10-24 09:30:44,364 [WARN] PackLoader:238 - Cannot read IP mode file for STMicroelectronics.X-CUBE-BLE2.3.3.0
2022-10-24 09:30:44,387 [WARN] PackLoader:238 - Cannot read IP mode file for STMicroelectronics.X-CUBE-DISPLAY.2.2.0
2022-10-24 09:30:44,429 [WARN] PackLoader:238 - Cannot read IP mode file for STMicroelectronics.X-CUBE-TOF1.3.2.0
2022-10-24 09:30:44,447 [WARN] PackLoader:238 - Cannot read IP mode file for STMicroelectronics.X-CUBE-ISPU.1.0.0
2022-10-24 09:30:44,463 [WARN] PackLoader:238 - Cannot read IP mode file for RoweBots.I-CUBE-UNISONRTOS.5.5.0-4
2022-10-24 09:30:44,497 [WARN] PackLoader:238 - Cannot read IP mode file for STMicroelectronics.X-CUBE-AZRTOS-H7.2.1.0
2022-10-24 09:30:44,514 [WARN] PackLoader:238 - Cannot read IP mode file for STMicroelectronics.X-CUBE-ALGOBUILD.1.3.0
2022-10-24 09:30:44,542 [WARN] PackLoader:238 - Cannot read IP mode file for STMicroelectronics.X-CUBE-AZRTOS-G0.1.1.0
2022-10-24 09:30:44,574 [WARN] PackLoader:238 - Cannot read IP mode file for STMicroelectronics.X-CUBE-SUBG2.5.0.0
2022-10-24 09:30:44,622 [WARN] PackLoader:238 - Cannot read IP mode file for SEGGER.I-CUBE-embOS.1.2.1
2022-10-24 09:30:44,683 [WARN] PackLoader:238 - Cannot read IP mode file for STMicroelectronics.FP-ATR-ASTRA1.1.1.1
2022-10-24 09:30:44,715 [WARN] PackLoader:238 - Cannot read IP mode file for STMicroelectronics.X-CUBE-AZRTOS-G4.1.0.0
2022-10-24 09:30:44,731 [WARN] PackLoader:238 - Cannot read IP mode file for STMicroelectronics.FP-ATR-SIGFOX1.3.2.0
2022-10-24 09:30:44,770 [WARN] PackLoader:238 - Cannot read IP mode file for STMicroelectronics.X-CUBE-AZRTOS-L4.1.0.0
2022-10-24 09:30:44,792 [WARN] PackLoader:238 - Cannot read IP mode file for emotas.I-CUBE-CANOPEN.1.1.2
2022-10-24 09:30:44,808 [WARN] PackLoader:238 - Cannot read IP mode file for STMicroelectronics.X-CUBE-TOUCHGFX.4.20.0
2022-10-24 09:30:44,840 [WARN] PackLoader:238 - Cannot read IP mode file for STMicroelectronics.X-CUBE-AZRTOS-WL.1.0.0
2022-10-24 09:30:44,868 [WARN] PackLoader:238 - Cannot read IP mode file for portGmbH.I-Cube-SoM-uGOAL.1.1.0
2022-10-24 09:30:44,882 [WARN] PackLoader:238 - Cannot read IP mode file for STMicroelectronics.X-CUBE-ALS.1.0.1
2022-10-24 09:30:44,926 [WARN] PackLoader:238 - Cannot read IP mode file for STMicroelectronics.X-CUBE-AZRTOS-L5.1.0.0
2022-10-24 09:30:44,958 [WARN] PackLoader:238 - Cannot read IP mode file for STMicroelectronics.X-CUBE-EEPRMA1.3.1.1
2022-10-24 09:30:44,960 [INFO] ThirdParty:915 - Integrity check success = true
2022-10-24 09:30:44,960 [INFO] IntegrityCheckThread:94 - exiting critical section [integrity check]
2022-10-24 09:30:44,960 [INFO] IntegrityCheckThread:97 - End integrity checks thread
2022-10-24 09:30:44,960 [INFO] ThirdParty:815 - entering critical section [close project]
2022-10-24 09:30:44,962 [INFO] ThirdParty:825 - exiting critical section [close project]
2022-10-24 09:30:44,968 [INFO] PinOutPanel:1463 - setPackage(No Configuration,No Configuration)
2022-10-24 09:30:44,969 [INFO] UtilMem:74 - Begin LoadConfig() Used Memory: 268192160 Bytes (407896064)
2022-10-24 09:30:44,971 [INFO] MicroXplorer:448 - Change Database Path : 
2022-10-24 09:30:44,971 [INFO] MicroXplorer:478 - Change Database Version : DB.6.0.30
2022-10-24 09:30:44,971 [INFO] OpenFileManager:313 - Change cursor
2022-10-24 09:30:46,019 [INFO] Context:592 - Trying to add GPIOservice into a context  which must be forbidden
2022-10-24 09:30:46,296 [WARN] ApiManager:304 - Cannot register API 'Board Extension:GNSS1A1' from pack STMicroelectronics.X-CUBE-GNSS1.6.0.0: no header file found
2022-10-24 09:30:46,296 [WARN] ApiManager:304 - Cannot register API 'Board Support:Custom' from pack STMicroelectronics.X-CUBE-GNSS1.6.0.0: no header file found
2022-10-24 09:30:46,296 [WARN] ApiManager:304 - Cannot register API 'Data Exchange:lib_gnss' from pack STMicroelectronics.X-CUBE-GNSS1.6.0.0: no header file found
2022-10-24 09:30:46,310 [WARN] ModelIntegratedComponent:60 - No mode defined for component null
2022-10-24 09:30:46,311 [WARN] ModelIntegratedComponent:60 - No mode defined for component null
2022-10-24 09:30:46,311 [WARN] ModelIntegratedComponent:60 - No mode defined for component null
2022-10-24 09:30:46,311 [WARN] ModelIntegratedComponent:60 - No mode defined for component null
2022-10-24 09:30:46,311 [WARN] ModelIntegratedComponent:60 - No mode defined for component null
2022-10-24 09:30:46,311 [WARN] ModelIntegratedComponent:60 - No mode defined for component null
2022-10-24 09:30:46,311 [WARN] ModelIntegratedComponent:60 - No mode defined for component null
2022-10-24 09:30:46,311 [WARN] ModelIntegratedComponent:60 - No mode defined for component null
2022-10-24 09:30:46,311 [WARN] ModelIntegratedComponent:60 - No mode defined for component null
2022-10-24 09:30:46,311 [WARN] ModelIntegratedComponent:60 - No mode defined for component null
2022-10-24 09:30:46,311 [WARN] ModelIntegratedComponent:60 - No mode defined for component null
2022-10-24 09:30:46,311 [WARN] ModelIntegratedComponent:60 - No mode defined for component null
2022-10-24 09:30:46,312 [WARN] ModelIntegratedComponent:60 - No mode defined for component null
2022-10-24 09:30:46,312 [WARN] ModelIntegratedComponent:60 - No mode defined for component null
2022-10-24 09:30:46,312 [WARN] ModelIntegratedComponent:60 - No mode defined for component null
2022-10-24 09:30:46,312 [WARN] ModelIntegratedComponent:60 - No mode defined for component null
2022-10-24 09:30:46,312 [WARN] ModelIntegratedComponent:60 - No mode defined for component null
2022-10-24 09:30:46,312 [WARN] ModelIntegratedComponent:60 - No mode defined for component null
2022-10-24 09:30:46,312 [WARN] ModelIntegratedComponent:60 - No mode defined for component null
2022-10-24 09:30:46,312 [WARN] ModelIntegratedComponent:60 - No mode defined for component null
2022-10-24 09:30:46,312 [WARN] ModelIntegratedComponent:60 - No mode defined for component null
2022-10-24 09:30:46,312 [WARN] ModelIntegratedComponent:60 - No mode defined for component null
2022-10-24 09:30:46,312 [WARN] ModelIntegratedComponent:60 - No mode defined for component null
2022-10-24 09:30:46,313 [WARN] ModelIntegratedComponent:60 - No mode defined for component null
2022-10-24 09:30:46,313 [WARN] ModelIntegratedComponent:60 - No mode defined for component null
2022-10-24 09:30:46,313 [WARN] ModelIntegratedComponent:60 - No mode defined for component null
2022-10-24 09:30:46,313 [WARN] ModelIntegratedComponent:60 - No mode defined for component null
2022-10-24 09:30:46,313 [WARN] ModelIntegratedComponent:60 - No mode defined for component null
2022-10-24 09:30:46,313 [WARN] ModelIntegratedComponent:60 - No mode defined for component null
2022-10-24 09:30:46,313 [WARN] ModelIntegratedComponent:60 - No mode defined for component null
2022-10-24 09:30:46,313 [WARN] ModelIntegratedComponent:60 - No mode defined for component null
2022-10-24 09:30:46,316 [WARN] ApiManager:304 - Cannot register API 'Board Extension:NFC07A1' from pack STMicroelectronics.X-CUBE-NFC7.1.0.0: no header file found
2022-10-24 09:30:46,574 [WARN] ApiManager:304 - Cannot register API 'Board Extension:IKS01A3' from pack STMicroelectronics.X-CUBE-MEMS1.9.3.0: no header file found
2022-10-24 09:30:46,574 [WARN] ApiManager:304 - Cannot register API 'Board Extension:IKS01A2' from pack STMicroelectronics.X-CUBE-MEMS1.9.3.0: no header file found
2022-10-24 09:30:46,574 [WARN] ApiManager:304 - Cannot register API 'Board Extension:IKS02A1' from pack STMicroelectronics.X-CUBE-MEMS1.9.3.0: no header file found
2022-10-24 09:30:46,597 [WARN] ApiManager:304 - Cannot register API 'Wireless:BlueNRG-MS' from pack STMicroelectronics.X-CUBE-BLE1.6.2.3: no header file found
2022-10-24 09:30:46,602 [INFO] RtosManager:484 - Registered RTOS mode: class=CMSIS, group=RTOS, mode=CMSIS_V1, owner=FREERTOS
2022-10-24 09:30:46,603 [INFO] RtosManager:484 - Registered RTOS mode: class=CMSIS, group=RTOS2, mode=CMSIS_V2, owner=FREERTOS
2022-10-24 09:30:46,603 [INFO] RtosManager:484 - Registered RTOS mode: class=RTOS, group=Core, mode=CMSIS_V1, owner=FREERTOS
2022-10-24 09:30:46,603 [INFO] RtosManager:484 - Registered RTOS mode: class=RTOS, group=Core, mode=CMSIS_V2, owner=FREERTOS
2022-10-24 09:30:46,603 [WARN] ModelIntegratedComponent:181 - Missing modes for component STMicroelectronics:FreeRTOS:0.0.1:STMicroelectronics:RTOS:FreeRTOS:Core:::10.2.0:
2022-10-24 09:30:46,613 [WARN] ApiManager:304 - Cannot register API 'Board Extension:S2868A1' from pack STMicroelectronics.X-CUBE-SUBG2.5.0.0: no header file found
2022-10-24 09:30:46,613 [WARN] ApiManager:304 - Cannot register API 'Board Extension:S2868A2' from pack STMicroelectronics.X-CUBE-SUBG2.5.0.0: no header file found
2022-10-24 09:30:46,613 [WARN] ApiManager:304 - Cannot register API 'Board Extension:S2915A1' from pack STMicroelectronics.X-CUBE-SUBG2.5.0.0: no header file found
2022-10-24 09:30:46,619 [WARN] ApiManager:304 - Cannot register API 'Board Extension:EEPRMA1' from pack STMicroelectronics.X-CUBE-EEPRMA1.3.1.1: no header file found
2022-10-24 09:30:46,619 [WARN] ApiManager:304 - Cannot register API 'Board Extension:EEPRMA2' from pack STMicroelectronics.X-CUBE-EEPRMA1.3.1.1: no header file found
2022-10-24 09:30:46,621 [WARN] ApiManager:304 - Cannot register API 'Board Extension:S2868A1' from pack STMicroelectronics.X-CUBE-SFXS2LP1.4.0.0: no header file found
2022-10-24 09:30:46,621 [WARN] ApiManager:304 - Cannot register API 'Board Extension:S2868A2' from pack STMicroelectronics.X-CUBE-SFXS2LP1.4.0.0: no header file found
2022-10-24 09:30:46,622 [WARN] ApiManager:304 - Cannot register API 'Board Extension:S2915A1' from pack STMicroelectronics.X-CUBE-SFXS2LP1.4.0.0: no header file found
2022-10-24 09:30:46,623 [WARN] ApiManager:304 - Cannot register API 'Wireless:BlueNRG-2' from pack STMicroelectronics.X-CUBE-BLE2.3.3.0: no header file found
2022-10-24 09:30:46,623 [WARN] ApiManager:304 - Cannot register API 'Board Extension:NFC04A1' from pack STMicroelectronics.X-CUBE-NFC4.2.0.4: no header file found
2022-10-24 09:30:48,466 [INFO] UtilMem:74 - End LoadConfig() Used Memory: 296610688 Bytes (464519168)
2022-10-24 09:30:48,469 [INFO] DbMcusXml:100 - Load MCU database from D:\STM32\STM32CubeIDE_1.7.0\STM32CubeIDE\plugins\com.st.stm32cube.common.mx_6.3.0.202107141111\\db\/mcu/families.xml
2022-10-24 09:30:49,658 [INFO] DbMcusJson:93 - JSON generation date=Tue Nov 16 23:17:54 ICT 2021 (1637079474)
2022-10-24 09:30:50,563 [INFO] DbMcus:175 - Found 1951 MCUs (1903 are supported by CubeMX, 1914 are visible in CubeMX)
2022-10-24 09:30:50,563 [INFO] ApiDb:251 - Load user favorites file C:\Users\Luong/.stm32cubeide/favorites.mcus.txt: 0 item(s)
2022-10-24 09:30:50,564 [INFO] ApiDb:255 - User favorites MCUs=[]
2022-10-24 09:30:50,564 [INFO] DbMcus:187 - Set 0 / 0 favorites MCUs
2022-10-24 09:30:50,575 [WARN] ThirdParty:779 - waiting for thirdparty lock release [change project]
2022-10-24 09:30:50,575 [INFO] ThirdParty:781 - entering critical section [change project]
2022-10-24 09:30:50,576 [INFO] ThirdParty:967 - CMSIS Pack Vendor :RoweBots I-CUBE-UNISONRTOS 5.5.0-4
2022-10-24 09:30:50,576 [INFO] ThirdParty:967 - CMSIS Pack Vendor :STMicroelectronics X-CUBE-GNSS1 6.0.0
2022-10-24 09:30:50,576 [INFO] ThirdParty:967 - CMSIS Pack Vendor :STMicroelectronics X-CUBE-AZRTOS-H7 2.1.0
2022-10-24 09:30:50,576 [INFO] ThirdParty:967 - CMSIS Pack Vendor :STMicroelectronics USB_HOST 2.0.0
2022-10-24 09:30:50,576 [INFO] ThirdParty:967 - CMSIS Pack Vendor :STMicroelectronics X-CUBE-AZRTOS-F4 1.1.0
2022-10-24 09:30:50,576 [INFO] ThirdParty:967 - CMSIS Pack Vendor :STMicroelectronics X-CUBE-AZRTOS-G4 1.0.0
2022-10-24 09:30:50,576 [INFO] ThirdParty:967 - CMSIS Pack Vendor :STMicroelectronics FP-ATR-SIGFOX1 3.2.0
2022-10-24 09:30:50,576 [INFO] ThirdParty:967 - CMSIS Pack Vendor :STMicroelectronics X-CUBE-AZRTOS-L4 1.0.0
2022-10-24 09:30:50,576 [INFO] ThirdParty:967 - CMSIS Pack Vendor :wolfSSL I-CUBE-wolfSSL 5.5.1
2022-10-24 09:30:50,577 [INFO] ThirdParty:967 - CMSIS Pack Vendor :STMicroelectronics USB_DEVICE 3.0.0
2022-10-24 09:30:50,577 [INFO] ThirdParty:967 - CMSIS Pack Vendor :STMicroelectronics HAL Drivers 0.0.0
2022-10-24 09:30:50,577 [INFO] ThirdParty:967 - CMSIS Pack Vendor :STMicroelectronics MBEDTLS 2.16.2
2022-10-24 09:30:50,577 [INFO] ThirdParty:967 - CMSIS Pack Vendor :emotas I-CUBE-CANOPEN 1.1.2
2022-10-24 09:30:50,577 [INFO] ThirdParty:967 - CMSIS Pack Vendor :STMicroelectronics X-CUBE-TOUCHGFX 4.20.0
2022-10-24 09:30:50,577 [INFO] ThirdParty:967 - CMSIS Pack Vendor :STMicroelectronics MBEDTLS 2.14.1
2022-10-24 09:30:50,577 [INFO] ThirdParty:967 - CMSIS Pack Vendor :STMicroelectronics X-CUBE-NFC7 1.0.0
2022-10-24 09:30:50,577 [INFO] ThirdParty:967 - CMSIS Pack Vendor :STMicroelectronics X-CUBE-BLEMGR 1.2.0
2022-10-24 09:30:50,577 [INFO] ThirdParty:967 - CMSIS Pack Vendor :STMicroelectronics X-CUBE-AZRTOS-WL 1.0.0
2022-10-24 09:30:50,578 [INFO] ThirdParty:967 - CMSIS Pack Vendor :STMicroelectronics X-CUBE-AZRTOS-F7 1.1.0
2022-10-24 09:30:50,578 [INFO] ThirdParty:967 - CMSIS Pack Vendor :STMicroelectronics X-CUBE-MEMS1 9.3.0
2022-10-24 09:30:50,578 [INFO] ThirdParty:967 - CMSIS Pack Vendor :portGmbH I-Cube-SoM-uGOAL 1.1.0
2022-10-24 09:30:50,578 [INFO] ThirdParty:967 - CMSIS Pack Vendor :STMicroelectronics X-CUBE-ALS 1.0.1
2022-10-24 09:30:50,578 [INFO] ThirdParty:967 - CMSIS Pack Vendor :STMicroelectronics USB_DEVICE 2.0.0
2022-10-24 09:30:50,578 [INFO] ThirdParty:967 - CMSIS Pack Vendor :STMicroelectronics X-CUBE-AI 7.2.0
2022-10-24 09:30:50,578 [INFO] ThirdParty:967 - CMSIS Pack Vendor :STMicroelectronics X-CUBE-BLE1 6.2.3
2022-10-24 09:30:50,578 [INFO] ThirdParty:967 - CMSIS Pack Vendor :STMicroelectronics X-CUBE-ALGOBUILD 1.3.0
2022-10-24 09:30:50,578 [INFO] ThirdParty:967 - CMSIS Pack Vendor :STMicroelectronics X-CUBE-AZRTOS-L5 1.0.0
2022-10-24 09:30:50,579 [INFO] ThirdParty:967 - CMSIS Pack Vendor :STMicroelectronics FreeRTOS 0.0.1
2022-10-24 09:30:50,579 [INFO] ThirdParty:967 - CMSIS Pack Vendor :STMicroelectronics X-CUBE-AZRTOS-G0 1.1.0
2022-10-24 09:30:50,579 [INFO] ThirdParty:967 - CMSIS Pack Vendor :STMicroelectronics USB_DEVICE 1.0.0
2022-10-24 09:30:50,579 [INFO] ThirdParty:967 - CMSIS Pack Vendor :STMicroelectronics X-CUBE-SUBG2 5.0.0
2022-10-24 09:30:50,579 [INFO] ThirdParty:967 - CMSIS Pack Vendor :SEGGER I-CUBE-embOS 1.2.1
2022-10-24 09:30:50,579 [INFO] ThirdParty:967 - CMSIS Pack Vendor :STMicroelectronics X-CUBE-EEPRMA1 3.1.1
2022-10-24 09:30:50,579 [INFO] ThirdParty:967 - CMSIS Pack Vendor :STMicroelectronics ThreadX 0.0.2
2022-10-24 09:30:50,579 [INFO] ThirdParty:967 - CMSIS Pack Vendor :STMicroelectronics lwIP 2.0.3
2022-10-24 09:30:50,579 [INFO] ThirdParty:967 - CMSIS Pack Vendor :STMicroelectronics lwIP 2.1.2
2022-10-24 09:30:50,579 [INFO] ThirdParty:967 - CMSIS Pack Vendor :STMicroelectronics X-CUBE-SFXS2LP1 4.0.0
2022-10-24 09:30:50,580 [INFO] ThirdParty:967 - CMSIS Pack Vendor :STMicroelectronics X-CUBE-BLE2 3.3.0
2022-10-24 09:30:50,580 [INFO] ThirdParty:967 - CMSIS Pack Vendor :STMicroelectronics X-CUBE-NFC4 2.0.4
2022-10-24 09:30:50,580 [INFO] ThirdParty:967 - CMSIS Pack Vendor :STMicroelectronics USB_HOST 1.0.0
2022-10-24 09:30:50,580 [INFO] ThirdParty:967 - CMSIS Pack Vendor :STMicroelectronics X-CUBE-DISPLAY 2.2.0
2022-10-24 09:30:50,580 [INFO] ThirdParty:967 - CMSIS Pack Vendor :STMicroelectronics X-CUBE-TOF1 3.2.0
2022-10-24 09:30:50,580 [INFO] ThirdParty:967 - CMSIS Pack Vendor :STMicroelectronics PDM2PCM 3.1.0
2022-10-24 09:30:50,580 [INFO] ThirdParty:967 - CMSIS Pack Vendor :STMicroelectronics FP-ATR-ASTRA1 1.1.1
2022-10-24 09:30:50,580 [INFO] ThirdParty:967 - CMSIS Pack Vendor :STMicroelectronics PDM2PCM 3.2.0
2022-10-24 09:30:50,581 [INFO] ThirdParty:967 - CMSIS Pack Vendor :STMicroelectronics PDM2PCM 3.3.0
2022-10-24 09:30:50,581 [INFO] ThirdParty:967 - CMSIS Pack Vendor :STMicroelectronics X-CUBE-ISPU 1.0.0
2022-10-24 09:30:50,581 [INFO] ThirdParty:787 - exiting critical section [change project]
2022-10-24 09:30:51,087 [INFO] PinOutPanel:1463 - setPackage(No Configuration,No Configuration)
2022-10-24 09:30:51,089 [INFO] PinOutPanel:1463 - setPackage(STM32F103C6Ux,UFQFPN48)
2022-10-24 09:30:51,694 [INFO] UtilMem:74 - Before build in PCC Used Memory: 427358056 Bytes (705691648)
2022-10-24 09:30:52,448 [INFO] UtilMem:74 - After build in PCC Used Memory: 492369768 Bytes (705691648)
2022-10-24 09:30:52,471 [INFO] IPUIPlugin:74 - create IPUIPlugin
2022-10-24 09:30:52,472 [INFO] IPUIPlugin:74 - create IPUIPlugin
2022-10-24 09:30:52,472 [INFO] IPUIPlugin:74 - create IPUIPlugin
2022-10-24 09:30:52,472 [INFO] IPUIPlugin:74 - create IPUIPlugin
2022-10-24 09:30:52,472 [INFO] IPUIPlugin:74 - create IPUIPlugin
2022-10-24 09:30:52,472 [INFO] IPUIPlugin:74 - create IPUIPlugin
2022-10-24 09:30:52,472 [INFO] IPUIPlugin:74 - create IPUIPlugin
2022-10-24 09:30:52,472 [INFO] IPUIPlugin:74 - create IPUIPlugin
2022-10-24 09:30:52,473 [INFO] IPUIPlugin:74 - create IPUIPlugin
2022-10-24 09:30:52,473 [INFO] IPUIPlugin:74 - create IPUIPlugin
2022-10-24 09:30:52,473 [INFO] IPUIPlugin:74 - create IPUIPlugin
2022-10-24 09:30:52,473 [INFO] IPUIPlugin:74 - create IPUIPlugin
2022-10-24 09:30:52,473 [INFO] IPUIPlugin:74 - create IPUIPlugin
2022-10-24 09:30:52,474 [INFO] IPUIPlugin:74 - create IPUIPlugin
2022-10-24 09:30:52,474 [INFO] IPUIPlugin:74 - create IPUIPlugin
2022-10-24 09:30:52,474 [INFO] IPUIPlugin:74 - create IPUIPlugin
2022-10-24 09:30:52,475 [INFO] IPUIPlugin:74 - create IPUIPlugin
2022-10-24 09:30:52,475 [INFO] IPUIPlugin:74 - create IPUIPlugin
2022-10-24 09:30:52,475 [INFO] IPUIPlugin:74 - create IPUIPlugin
2022-10-24 09:30:52,476 [INFO] IPUIPlugin:74 - create IPUIPlugin
2022-10-24 09:30:52,476 [INFO] IPUIPlugin:74 - create IPUIPlugin
2022-10-24 09:30:52,476 [INFO] IPUIPlugin:74 - create IPUIPlugin
2022-10-24 09:30:52,477 [INFO] IPUIPlugin:74 - create IPUIPlugin
2022-10-24 09:30:52,606 [INFO] OpenFileManager:333 - Restore cursor
2022-10-24 09:33:21,497 [INFO] DmaTabbedPanel:198 - Cannot restore the selected Tab for DMA
2022-10-24 09:33:22,217 [INFO] Gpio:254 - dependency for GPIO []
2022-10-24 09:33:43,342 [INFO] UtilMem:74 - End SaveConfig() Used Memory: 690300448 Bytes (779091968)
2022-10-24 09:33:44,501 [INFO] UtilMem:74 - End SaveConfig() Used Memory: 606898120 Bytes (779091968)
2022-10-24 09:33:46,204 [INFO] UtilMem:74 - End SaveConfig() Used Memory: 654084032 Bytes (779091968)
2022-10-24 09:33:46,714 [INFO] BlockDiagram:2740 - set Specific Code input for plugin: NVIC
2022-10-24 09:33:46,714 [INFO] BlockDiagram:2740 - set Specific Code input for plugin: SYS
2022-10-24 09:33:46,714 [INFO] BlockDiagram:2740 - set Specific Code input for plugin: GPIO
2022-10-24 09:33:46,714 [INFO] BlockDiagram:2740 - set Specific Code input for plugin: RCC
2022-10-24 09:33:46,714 [INFO] BlockDiagram:2740 - set Specific Code input for plugin: TIM1_8F1
2022-10-24 09:33:46,714 [INFO] CodeGenerator:663 - code generatio: config db path: D:\STM32\STM32CubeIDE_1.7.0\STM32CubeIDE\plugins\com.st.stm32cube.common.mx_6.3.0.202107141111\\db\
2022-10-24 09:33:47,160 [INFO] CodeEngine:239 - oldGeneratedFile, E:\221\MCU\MUC_Lecture\stm32\MXTmpFiles\license.tmp_save
2022-10-24 09:33:47,597 [INFO] CodeEngine:257 - Generated code: E:\221\MCU\MUC_Lecture\stm32\MXTmpFiles\license.tmp
2022-10-24 09:33:47,738 [INFO] CodeEngine:239 - oldGeneratedFile, E:\221\MCU\MUC_Lecture\stm32\MXTmpFiles\gpio.tmp_save
2022-10-24 09:33:47,878 [INFO] CodeEngine:257 - Generated code: E:\221\MCU\MUC_Lecture\stm32\MXTmpFiles\gpio.tmp
2022-10-24 09:33:48,097 [INFO] CodeEngine:239 - oldGeneratedFile, E:\221\MCU\MUC_Lecture\stm32\Core\Src\stm32f1xx_it.c_save
2022-10-24 09:33:48,253 [INFO] CodeEngine:257 - Generated code: E:\221\MCU\MUC_Lecture\stm32\Core\Src\stm32f1xx_it.c
2022-10-24 09:33:48,253 [INFO] CodeEngine:239 - oldGeneratedFile, E:\221\MCU\MUC_Lecture\stm32\Core\Inc\stm32f1xx_it.h_save
2022-10-24 09:33:48,347 [INFO] CodeEngine:257 - Generated code: E:\221\MCU\MUC_Lecture\stm32\Core\Inc\stm32f1xx_it.h
2022-10-24 09:33:48,363 [INFO] CodeEngine:239 - oldGeneratedFile, E:\221\MCU\MUC_Lecture\stm32\Core\Src\stm32f1xx_hal_msp.c_save
2022-10-24 09:33:48,488 [INFO] CodeEngine:257 - Generated code: E:\221\MCU\MUC_Lecture\stm32\Core\Src\stm32f1xx_hal_msp.c
2022-10-24 09:33:48,488 [INFO] CodeEngine:239 - oldGeneratedFile, E:\221\MCU\MUC_Lecture\stm32\MXTmpFiles\system.tmp_save
2022-10-24 09:33:48,581 [INFO] CodeEngine:257 - Generated code: E:\221\MCU\MUC_Lecture\stm32\MXTmpFiles\system.tmp
2022-10-24 09:33:48,597 [INFO] CodeEngine:239 - oldGeneratedFile, E:\221\MCU\MUC_Lecture\stm32\Core\Inc\stm32f1xx_hal_conf.h_save
2022-10-24 09:33:48,691 [INFO] CodeEngine:257 - Generated code: E:\221\MCU\MUC_Lecture\stm32\Core\Inc\stm32f1xx_hal_conf.h
2022-10-24 09:33:48,706 [WARN] IPConfigManager:3148 - IP not found : TIM
2022-10-24 09:33:48,706 [WARN] CodeGenerator:3268 - IP not found : null
2022-10-24 09:33:48,738 [INFO] CodeEngine:239 - oldGeneratedFile, E:\221\MCU\MUC_Lecture\stm32\Core\Inc\main.h_save
2022-10-24 09:33:48,847 [INFO] CodeEngine:257 - Generated code: E:\221\MCU\MUC_Lecture\stm32\Core\Inc\main.h
2022-10-24 09:33:48,863 [INFO] CodeEngine:239 - oldGeneratedFile, E:\221\MCU\MUC_Lecture\stm32\Core\Src\main.c_save
2022-10-24 09:33:49,019 [INFO] CodeEngine:257 - Generated code: E:\221\MCU\MUC_Lecture\stm32\Core\Src\main.c
2022-10-24 09:33:50,581 [INFO] ProjectBuilder:2578 - Time for Copy HAL[1] : 297mS.
2022-10-24 09:33:50,581 [INFO] ProjectBuilder:3622 - Project Generator version: 3.14.1
2022-10-24 09:33:51,206 [INFO] ConfigFileManager:1271 - The Die is : DIE412
2022-10-24 09:33:51,237 [INFO] ApiDbMcu:468 - Load IP Config File for FATFS
2022-10-24 09:33:51,268 [INFO] ApiDbMcu:468 - Load IP Config File for FREERTOS
2022-10-24 09:33:51,315 [INFO] ApiDbMcu:468 - Load IP Config File for USB_DEVICE
2022-10-24 09:33:55,845 [INFO] ProjectBuilder:3789 - Time for Generating toolchain IDE Files: 5264mS.
2022-10-24 09:33:55,845 [INFO] ProjectBuilder:2457 - Time for Copy CMSIS : 0mS.
2022-10-24 09:33:55,845 [INFO] ProjectBuilder:2457 - Time for Copy CMSIS : 0mS.
2022-10-24 09:37:37,734 [INFO] UtilMem:74 - End SaveConfig() Used Memory: 794929608 Bytes (1069547520)
2022-10-24 09:37:39,633 [INFO] UtilMem:74 - End SaveConfig() Used Memory: 823767496 Bytes (1069547520)
2022-10-24 09:37:40,972 [INFO] UtilMem:74 - End SaveConfig() Used Memory: 897167816 Bytes (1069547520)
2022-10-24 09:37:41,333 [INFO] BlockDiagram:2740 - set Specific Code input for plugin: NVIC
2022-10-24 09:37:41,333 [INFO] BlockDiagram:2740 - set Specific Code input for plugin: SYS
2022-10-24 09:37:41,333 [INFO] BlockDiagram:2740 - set Specific Code input for plugin: GPIO
2022-10-24 09:37:41,333 [INFO] BlockDiagram:2740 - set Specific Code input for plugin: RCC
2022-10-24 09:37:41,333 [INFO] BlockDiagram:2740 - set Specific Code input for plugin: TIM1_8F1
2022-10-24 09:37:41,333 [INFO] CodeGenerator:663 - code generatio: config db path: D:\STM32\STM32CubeIDE_1.7.0\STM32CubeIDE\plugins\com.st.stm32cube.common.mx_6.3.0.202107141111\\db\
2022-10-24 09:37:41,653 [INFO] CodeEngine:239 - oldGeneratedFile, E:\221\MCU\MUC_Lecture\stm32\MXTmpFiles\license.tmp_save
2022-10-24 09:37:41,731 [INFO] CodeEngine:257 - Generated code: E:\221\MCU\MUC_Lecture\stm32\MXTmpFiles\license.tmp
2022-10-24 09:37:41,747 [INFO] CodeEngine:239 - oldGeneratedFile, E:\221\MCU\MUC_Lecture\stm32\MXTmpFiles\gpio.tmp_save
2022-10-24 09:37:41,825 [INFO] CodeEngine:257 - Generated code: E:\221\MCU\MUC_Lecture\stm32\MXTmpFiles\gpio.tmp
2022-10-24 09:37:41,872 [INFO] CodeEngine:239 - oldGeneratedFile, E:\221\MCU\MUC_Lecture\stm32\Core\Src\stm32f1xx_it.c_save
2022-10-24 09:37:41,950 [INFO] CodeEngine:257 - Generated code: E:\221\MCU\MUC_Lecture\stm32\Core\Src\stm32f1xx_it.c
2022-10-24 09:37:41,965 [INFO] CodeEngine:239 - oldGeneratedFile, E:\221\MCU\MUC_Lecture\stm32\Core\Inc\stm32f1xx_it.h_save
2022-10-24 09:37:42,059 [INFO] CodeEngine:257 - Generated code: E:\221\MCU\MUC_Lecture\stm32\Core\Inc\stm32f1xx_it.h
2022-10-24 09:37:42,075 [INFO] CodeEngine:239 - oldGeneratedFile, E:\221\MCU\MUC_Lecture\stm32\Core\Src\stm32f1xx_hal_msp.c_save
2022-10-24 09:37:42,278 [INFO] CodeEngine:257 - Generated code: E:\221\MCU\MUC_Lecture\stm32\Core\Src\stm32f1xx_hal_msp.c
2022-10-24 09:37:42,278 [INFO] CodeEngine:239 - oldGeneratedFile, E:\221\MCU\MUC_Lecture\stm32\MXTmpFiles\system.tmp_save
2022-10-24 09:37:42,356 [INFO] CodeEngine:257 - Generated code: E:\221\MCU\MUC_Lecture\stm32\MXTmpFiles\system.tmp
2022-10-24 09:37:42,372 [INFO] CodeEngine:239 - oldGeneratedFile, E:\221\MCU\MUC_Lecture\stm32\Core\Inc\stm32f1xx_hal_conf.h_save
2022-10-24 09:37:42,481 [INFO] CodeEngine:257 - Generated code: E:\221\MCU\MUC_Lecture\stm32\Core\Inc\stm32f1xx_hal_conf.h
2022-10-24 09:37:42,512 [WARN] IPConfigManager:3148 - IP not found : TIM
2022-10-24 09:37:42,512 [WARN] CodeGenerator:3268 - IP not found : null
2022-10-24 09:37:42,528 [INFO] CodeEngine:239 - oldGeneratedFile, E:\221\MCU\MUC_Lecture\stm32\Core\Inc\main.h_save
2022-10-24 09:37:42,637 [INFO] CodeEngine:257 - Generated code: E:\221\MCU\MUC_Lecture\stm32\Core\Inc\main.h
2022-10-24 09:37:42,637 [INFO] CodeEngine:239 - oldGeneratedFile, E:\221\MCU\MUC_Lecture\stm32\Core\Src\main.c_save
2022-10-24 09:37:42,778 [INFO] CodeEngine:257 - Generated code: E:\221\MCU\MUC_Lecture\stm32\Core\Src\main.c
2022-10-24 09:37:43,887 [INFO] ProjectBuilder:2578 - Time for Copy HAL[1] : 141mS.
2022-10-24 09:37:43,887 [INFO] ProjectBuilder:3622 - Project Generator version: 3.14.1
2022-10-24 09:37:44,590 [INFO] ConfigFileManager:1271 - The Die is : DIE412
2022-10-24 09:37:47,230 [INFO] ProjectBuilder:3789 - Time for Generating toolchain IDE Files: 3343mS.
2022-10-24 09:37:47,230 [INFO] ProjectBuilder:2457 - Time for Copy CMSIS : 0mS.
2022-10-24 09:37:47,245 [INFO] ProjectBuilder:2457 - Time for Copy CMSIS : 0mS.
2022-10-24 12:27:32,789 [INFO] Activator:177 - 


2022-10-24 12:27:32,791 [INFO] Activator:178 - !SESSION log4j initialized
2022-10-25 07:02:23,695 [INFO] Activator:177 - 


2022-10-25 07:02:23,698 [INFO] Activator:178 - !SESSION log4j initialized
